[2020-10-16 11:52:50,772] {taskinstance.py:620} INFO - Dependencies all met for <TaskInstance: stocksense.extract_gz 2020-09-22T06:00:00+00:00 [queued]>
[2020-10-16 11:52:50,783] {taskinstance.py:620} INFO - Dependencies all met for <TaskInstance: stocksense.extract_gz 2020-09-22T06:00:00+00:00 [queued]>
[2020-10-16 11:52:50,784] {taskinstance.py:838} INFO - 
--------------------------------------------------------------------------------
[2020-10-16 11:52:50,784] {taskinstance.py:839} INFO - Starting attempt 1 of 1
[2020-10-16 11:52:50,784] {taskinstance.py:840} INFO - 
--------------------------------------------------------------------------------
[2020-10-16 11:52:50,791] {taskinstance.py:859} INFO - Executing <Task(BashOperator): extract_gz> on 2020-09-22T06:00:00+00:00
[2020-10-16 11:52:50,791] {base_task_runner.py:133} INFO - Running: ['airflow', 'run', 'stocksense', 'extract_gz', '2020-09-22T06:00:00+00:00', '--job_id', '676', '--pool', 'default_pool', '--raw', '-sd', 'DAGS_FOLDER/data_piplines_book/chapter4/stocksense.py', '--cfg_path', '/tmp/tmpkbj7q0nz']
[2020-10-16 11:52:51,152] {base_task_runner.py:115} INFO - Job 676: Subtask extract_gz [2020-10-16 11:52:51,151] {settings.py:213} INFO - settings.configure_orm(): Using pool settings. pool_size=5, max_overflow=10, pool_recycle=1800, pid=186470
[2020-10-16 11:52:51,243] {base_task_runner.py:115} INFO - Job 676: Subtask extract_gz [2020-10-16 11:52:51,243] {__init__.py:51} INFO - Using executor LocalExecutor
[2020-10-16 11:52:51,528] {base_task_runner.py:115} INFO - Job 676: Subtask extract_gz [2020-10-16 11:52:51,527] {dagbag.py:90} INFO - Filling up the DagBag from /usr/local/airflow/dags/data_piplines_book/chapter4/stocksense.py
[2020-10-16 11:52:51,548] {base_task_runner.py:115} INFO - Job 676: Subtask extract_gz [2020-10-16 11:52:51,548] {cli.py:516} INFO - Running <TaskInstance: stocksense.extract_gz 2020-09-22T06:00:00+00:00 [running]> on host 5501f7880404
[2020-10-16 11:52:51,561] {bash_operator.py:81} INFO - Tmp dir root location: 
 /tmp
[2020-10-16 11:52:51,561] {bash_operator.py:91} INFO - Exporting the following env vars:
AIRFLOW_CTX_DAG_ID=stocksense
AIRFLOW_CTX_TASK_ID=extract_gz
AIRFLOW_CTX_EXECUTION_DATE=2020-09-22T06:00:00+00:00
AIRFLOW_CTX_DAG_RUN_ID=scheduled__2020-09-22T06:00:00+00:00
[2020-10-16 11:52:51,562] {bash_operator.py:105} INFO - Temporary script location: /tmp/airflowtmpayn2xssk/extract_gzz62nh9tz
[2020-10-16 11:52:51,562] {bash_operator.py:115} INFO - Running command: gunzip --force /tmp/wikipageviews/20200922T060000/wikipageviews.gz
[2020-10-16 11:52:51,566] {bash_operator.py:124} INFO - Output:
[2020-10-16 11:52:51,567] {bash_operator.py:128} INFO - bash: warning: setlocale: LC_ALL: cannot change locale (en_US.UTF-8)
[2020-10-16 11:52:52,370] {bash_operator.py:132} INFO - Command exited with return code 0
[2020-10-16 11:52:55,766] {logging_mixin.py:95} INFO - [[34m2020-10-16 11:52:55,766[0m] {[34mlocal_task_job.py:[0m105} INFO[0m - Task exited with return code 0[0m
