[2020-10-16 11:52:14,611] {taskinstance.py:620} INFO - Dependencies all met for <TaskInstance: stocksense.extract_gz 2020-09-22T04:00:00+00:00 [queued]>
[2020-10-16 11:52:14,621] {taskinstance.py:620} INFO - Dependencies all met for <TaskInstance: stocksense.extract_gz 2020-09-22T04:00:00+00:00 [queued]>
[2020-10-16 11:52:14,621] {taskinstance.py:838} INFO - 
--------------------------------------------------------------------------------
[2020-10-16 11:52:14,621] {taskinstance.py:839} INFO - Starting attempt 1 of 1
[2020-10-16 11:52:14,621] {taskinstance.py:840} INFO - 
--------------------------------------------------------------------------------
[2020-10-16 11:52:14,627] {taskinstance.py:859} INFO - Executing <Task(BashOperator): extract_gz> on 2020-09-22T04:00:00+00:00
[2020-10-16 11:52:14,627] {base_task_runner.py:133} INFO - Running: ['airflow', 'run', 'stocksense', 'extract_gz', '2020-09-22T04:00:00+00:00', '--job_id', '666', '--pool', 'default_pool', '--raw', '-sd', 'DAGS_FOLDER/data_piplines_book/chapter4/stocksense.py', '--cfg_path', '/tmp/tmpch1cb2rn']
[2020-10-16 11:52:14,973] {base_task_runner.py:115} INFO - Job 666: Subtask extract_gz [2020-10-16 11:52:14,972] {settings.py:213} INFO - settings.configure_orm(): Using pool settings. pool_size=5, max_overflow=10, pool_recycle=1800, pid=185960
[2020-10-16 11:52:15,061] {base_task_runner.py:115} INFO - Job 666: Subtask extract_gz [2020-10-16 11:52:15,061] {__init__.py:51} INFO - Using executor LocalExecutor
[2020-10-16 11:52:15,313] {base_task_runner.py:115} INFO - Job 666: Subtask extract_gz [2020-10-16 11:52:15,313] {dagbag.py:90} INFO - Filling up the DagBag from /usr/local/airflow/dags/data_piplines_book/chapter4/stocksense.py
[2020-10-16 11:52:15,331] {base_task_runner.py:115} INFO - Job 666: Subtask extract_gz [2020-10-16 11:52:15,331] {cli.py:516} INFO - Running <TaskInstance: stocksense.extract_gz 2020-09-22T04:00:00+00:00 [running]> on host 5501f7880404
[2020-10-16 11:52:15,343] {bash_operator.py:81} INFO - Tmp dir root location: 
 /tmp
[2020-10-16 11:52:15,344] {bash_operator.py:91} INFO - Exporting the following env vars:
AIRFLOW_CTX_DAG_ID=stocksense
AIRFLOW_CTX_TASK_ID=extract_gz
AIRFLOW_CTX_EXECUTION_DATE=2020-09-22T04:00:00+00:00
AIRFLOW_CTX_DAG_RUN_ID=scheduled__2020-09-22T04:00:00+00:00
[2020-10-16 11:52:15,344] {bash_operator.py:105} INFO - Temporary script location: /tmp/airflowtmp0aragvf3/extract_gzx9godof5
[2020-10-16 11:52:15,344] {bash_operator.py:115} INFO - Running command: gunzip --force /tmp/wikipageviews/20200922T040000/wikipageviews.gz
[2020-10-16 11:52:15,348] {bash_operator.py:124} INFO - Output:
[2020-10-16 11:52:15,349] {bash_operator.py:128} INFO - bash: warning: setlocale: LC_ALL: cannot change locale (en_US.UTF-8)
[2020-10-16 11:52:16,051] {bash_operator.py:132} INFO - Command exited with return code 0
[2020-10-16 11:52:19,638] {logging_mixin.py:95} INFO - [[34m2020-10-16 11:52:19,637[0m] {[34mlocal_task_job.py:[0m105} INFO[0m - Task exited with return code 0[0m
