[2020-10-16 12:07:41,583] {taskinstance.py:620} INFO - Dependencies all met for <TaskInstance: stocksense.get_data 2020-09-24T09:00:00+00:00 [queued]>
[2020-10-16 12:07:41,598] {taskinstance.py:620} INFO - Dependencies all met for <TaskInstance: stocksense.get_data 2020-09-24T09:00:00+00:00 [queued]>
[2020-10-16 12:07:41,598] {taskinstance.py:838} INFO - 
--------------------------------------------------------------------------------
[2020-10-16 12:07:41,598] {taskinstance.py:839} INFO - Starting attempt 1 of 1
[2020-10-16 12:07:41,598] {taskinstance.py:840} INFO - 
--------------------------------------------------------------------------------
[2020-10-16 12:07:41,606] {taskinstance.py:859} INFO - Executing <Task(PythonOperator): get_data> on 2020-09-24T09:00:00+00:00
[2020-10-16 12:07:41,606] {base_task_runner.py:133} INFO - Running: ['airflow', 'run', 'stocksense', 'get_data', '2020-09-24T09:00:00+00:00', '--job_id', '860', '--pool', 'default_pool', '--raw', '-sd', 'DAGS_FOLDER/data_piplines_book/chapter4/stocksense.py', '--cfg_path', '/tmp/tmpxhxm1n3m']
[2020-10-16 12:07:41,971] {base_task_runner.py:115} INFO - Job 860: Subtask get_data [2020-10-16 12:07:41,970] {settings.py:213} INFO - settings.configure_orm(): Using pool settings. pool_size=5, max_overflow=10, pool_recycle=1800, pid=198537
[2020-10-16 12:07:42,063] {base_task_runner.py:115} INFO - Job 860: Subtask get_data [2020-10-16 12:07:42,063] {__init__.py:51} INFO - Using executor LocalExecutor
[2020-10-16 12:07:42,277] {base_task_runner.py:115} INFO - Job 860: Subtask get_data [2020-10-16 12:07:42,277] {dagbag.py:90} INFO - Filling up the DagBag from /usr/local/airflow/dags/data_piplines_book/chapter4/stocksense.py
[2020-10-16 12:07:42,296] {base_task_runner.py:115} INFO - Job 860: Subtask get_data [2020-10-16 12:07:42,295] {cli.py:516} INFO - Running <TaskInstance: stocksense.get_data 2020-09-24T09:00:00+00:00 [running]> on host 5501f7880404
[2020-10-16 12:07:42,308] {python_operator.py:105} INFO - Exporting the following env vars:
AIRFLOW_CTX_DAG_ID=stocksense
AIRFLOW_CTX_TASK_ID=get_data
AIRFLOW_CTX_EXECUTION_DATE=2020-09-24T09:00:00+00:00
AIRFLOW_CTX_DAG_RUN_ID=scheduled__2020-09-24T09:00:00+00:00
[2020-10-16 12:07:53,560] {python_operator.py:114} INFO - Done. Returned value was: None
[2020-10-16 12:07:56,631] {logging_mixin.py:95} INFO - [[34m2020-10-16 12:07:56,630[0m] {[34mlocal_task_job.py:[0m105} INFO[0m - Task exited with return code 0[0m
