[2020-10-16 08:32:52,566] {taskinstance.py:620} INFO - Dependencies all met for <TaskInstance: download_rocket_launches.download_launches 2020-10-09T00:00:00+00:00 [queued]>
[2020-10-16 08:32:52,572] {taskinstance.py:620} INFO - Dependencies all met for <TaskInstance: download_rocket_launches.download_launches 2020-10-09T00:00:00+00:00 [queued]>
[2020-10-16 08:32:52,573] {taskinstance.py:838} INFO - 
--------------------------------------------------------------------------------
[2020-10-16 08:32:52,573] {taskinstance.py:839} INFO - Starting attempt 1 of 1
[2020-10-16 08:32:52,573] {taskinstance.py:840} INFO - 
--------------------------------------------------------------------------------
[2020-10-16 08:32:52,584] {taskinstance.py:859} INFO - Executing <Task(BashOperator): download_launches> on 2020-10-09T00:00:00+00:00
[2020-10-16 08:32:52,584] {base_task_runner.py:133} INFO - Running: ['airflow', 'run', 'download_rocket_launches', 'download_launches', '2020-10-09T00:00:00+00:00', '--job_id', '18', '--pool', 'default_pool', '--raw', '-sd', 'DAGS_FOLDER/data_piplines_book/chapter2/download_rocket_launches.py', '--cfg_path', '/tmp/tmptw8ty59z']
[2020-10-16 08:32:52,995] {base_task_runner.py:115} INFO - Job 18: Subtask download_launches [2020-10-16 08:32:52,995] {settings.py:213} INFO - settings.configure_orm(): Using pool settings. pool_size=5, max_overflow=10, pool_recycle=1800, pid=55928
[2020-10-16 08:32:53,089] {base_task_runner.py:115} INFO - Job 18: Subtask download_launches [2020-10-16 08:32:53,089] {__init__.py:51} INFO - Using executor LocalExecutor
[2020-10-16 08:32:53,362] {base_task_runner.py:115} INFO - Job 18: Subtask download_launches [2020-10-16 08:32:53,362] {dagbag.py:90} INFO - Filling up the DagBag from /usr/local/airflow/dags/data_piplines_book/chapter2/download_rocket_launches.py
[2020-10-16 08:32:53,383] {base_task_runner.py:115} INFO - Job 18: Subtask download_launches [2020-10-16 08:32:53,383] {cli.py:516} INFO - Running <TaskInstance: download_rocket_launches.download_launches 2020-10-09T00:00:00+00:00 [running]> on host 5501f7880404
[2020-10-16 08:32:53,397] {bash_operator.py:81} INFO - Tmp dir root location: 
 /tmp
[2020-10-16 08:32:53,397] {bash_operator.py:91} INFO - Exporting the following env vars:
AIRFLOW_CTX_DAG_ID=download_rocket_launches
AIRFLOW_CTX_TASK_ID=download_launches
AIRFLOW_CTX_EXECUTION_DATE=2020-10-09T00:00:00+00:00
AIRFLOW_CTX_DAG_RUN_ID=scheduled__2020-10-09T00:00:00+00:00
[2020-10-16 08:32:53,397] {bash_operator.py:105} INFO - Temporary script location: /tmp/airflowtmpz4tqu2jo/download_launcheslomsguon
[2020-10-16 08:32:53,397] {bash_operator.py:115} INFO - Running command: curl -o /tmp/launches.json 'https://launchlibrary.net/1.4/launch?next=5&mode=verbose'
[2020-10-16 08:32:53,401] {bash_operator.py:124} INFO - Output:
[2020-10-16 08:32:53,401] {bash_operator.py:128} INFO - bash: warning: setlocale: LC_ALL: cannot change locale (en_US.UTF-8)
[2020-10-16 08:32:53,406] {bash_operator.py:128} INFO -   % Total    % Received % Xferd  Average Speed   Time    Time     Time  Current
[2020-10-16 08:32:53,406] {bash_operator.py:128} INFO -                                  Dload  Upload   Total   Spent    Left  Speed
[2020-10-16 08:32:53,909] {bash_operator.py:128} INFO -   0     0    0     0    0     0      0      0 --:--:-- --:--:-- --:--:--     0100 13920    0 13920    0     0  27651      0 --:--:-- --:--:-- --:--:-- 27673
[2020-10-16 08:32:53,910] {bash_operator.py:132} INFO - Command exited with return code 0
[2020-10-16 08:32:57,578] {logging_mixin.py:95} INFO - [[34m2020-10-16 08:32:57,577[0m] {[34mlocal_task_job.py:[0m105} INFO[0m - Task exited with return code 0[0m
