[2020-10-16 10:44:22,603] {taskinstance.py:620} INFO - Dependencies all met for <TaskInstance: unscheduled.calculate_stats 2020-10-16T10:44:16.160612+00:00 [queued]>
[2020-10-16 10:44:22,611] {taskinstance.py:620} INFO - Dependencies all met for <TaskInstance: unscheduled.calculate_stats 2020-10-16T10:44:16.160612+00:00 [queued]>
[2020-10-16 10:44:22,611] {taskinstance.py:838} INFO - 
--------------------------------------------------------------------------------
[2020-10-16 10:44:22,611] {taskinstance.py:839} INFO - Starting attempt 1 of 1
[2020-10-16 10:44:22,611] {taskinstance.py:840} INFO - 
--------------------------------------------------------------------------------
[2020-10-16 10:44:22,622] {taskinstance.py:859} INFO - Executing <Task(PythonOperator): calculate_stats> on 2020-10-16T10:44:16.160612+00:00
[2020-10-16 10:44:22,623] {base_task_runner.py:133} INFO - Running: ['airflow', 'run', 'unscheduled', 'calculate_stats', '2020-10-16T10:44:16.160612+00:00', '--job_id', '56', '--pool', 'default_pool', '--raw', '-sd', 'DAGS_FOLDER/data_piplines_book/chapter3/unscheduled.py', '--cfg_path', '/tmp/tmpnkl5xsc_']
[2020-10-16 10:44:22,964] {base_task_runner.py:115} INFO - Job 56: Subtask calculate_stats [2020-10-16 10:44:22,963] {settings.py:213} INFO - settings.configure_orm(): Using pool settings. pool_size=5, max_overflow=10, pool_recycle=1800, pid=134891
[2020-10-16 10:44:23,052] {base_task_runner.py:115} INFO - Job 56: Subtask calculate_stats [2020-10-16 10:44:23,052] {__init__.py:51} INFO - Using executor LocalExecutor
[2020-10-16 10:44:23,255] {base_task_runner.py:115} INFO - Job 56: Subtask calculate_stats [2020-10-16 10:44:23,254] {dagbag.py:90} INFO - Filling up the DagBag from /usr/local/airflow/dags/data_piplines_book/chapter3/unscheduled.py
[2020-10-16 10:44:23,374] {base_task_runner.py:115} INFO - Job 56: Subtask calculate_stats [2020-10-16 10:44:23,374] {cli.py:516} INFO - Running <TaskInstance: unscheduled.calculate_stats 2020-10-16T10:44:16.160612+00:00 [running]> on host 5501f7880404
[2020-10-16 10:44:23,384] {python_operator.py:105} INFO - Exporting the following env vars:
AIRFLOW_CTX_DAG_ID=unscheduled
AIRFLOW_CTX_TASK_ID=calculate_stats
AIRFLOW_CTX_EXECUTION_DATE=2020-10-16T10:44:16.160612+00:00
AIRFLOW_CTX_DAG_RUN_ID=manual__2020-10-16T10:44:16.160612+00:00
[2020-10-16 10:44:23,481] {python_operator.py:114} INFO - Done. Returned value was: None
[2020-10-16 10:44:27,599] {logging_mixin.py:95} INFO - [[34m2020-10-16 10:44:27,599[0m] {[34mlocal_task_job.py:[0m105} INFO[0m - Task exited with return code 0[0m
