[2020-10-16 12:00:29,073] {taskinstance.py:620} INFO - Dependencies all met for <TaskInstance: stocksense.get_data 2020-09-23T09:00:00+00:00 [queued]>
[2020-10-16 12:00:29,089] {taskinstance.py:620} INFO - Dependencies all met for <TaskInstance: stocksense.get_data 2020-09-23T09:00:00+00:00 [queued]>
[2020-10-16 12:00:29,090] {taskinstance.py:838} INFO - 
--------------------------------------------------------------------------------
[2020-10-16 12:00:29,090] {taskinstance.py:839} INFO - Starting attempt 1 of 1
[2020-10-16 12:00:29,090] {taskinstance.py:840} INFO - 
--------------------------------------------------------------------------------
[2020-10-16 12:00:29,098] {taskinstance.py:859} INFO - Executing <Task(PythonOperator): get_data> on 2020-09-23T09:00:00+00:00
[2020-10-16 12:00:29,098] {base_task_runner.py:133} INFO - Running: ['airflow', 'run', 'stocksense', 'get_data', '2020-09-23T09:00:00+00:00', '--job_id', '764', '--pool', 'default_pool', '--raw', '-sd', 'DAGS_FOLDER/data_piplines_book/chapter4/stocksense.py', '--cfg_path', '/tmp/tmpdciy_d_y']
[2020-10-16 12:00:29,456] {base_task_runner.py:115} INFO - Job 764: Subtask get_data [2020-10-16 12:00:29,456] {settings.py:213} INFO - settings.configure_orm(): Using pool settings. pool_size=5, max_overflow=10, pool_recycle=1800, pid=192567
[2020-10-16 12:00:29,547] {base_task_runner.py:115} INFO - Job 764: Subtask get_data [2020-10-16 12:00:29,547] {__init__.py:51} INFO - Using executor LocalExecutor
[2020-10-16 12:00:29,778] {base_task_runner.py:115} INFO - Job 764: Subtask get_data [2020-10-16 12:00:29,777] {dagbag.py:90} INFO - Filling up the DagBag from /usr/local/airflow/dags/data_piplines_book/chapter4/stocksense.py
[2020-10-16 12:00:29,796] {base_task_runner.py:115} INFO - Job 764: Subtask get_data [2020-10-16 12:00:29,795] {cli.py:516} INFO - Running <TaskInstance: stocksense.get_data 2020-09-23T09:00:00+00:00 [running]> on host 5501f7880404
[2020-10-16 12:00:29,809] {python_operator.py:105} INFO - Exporting the following env vars:
AIRFLOW_CTX_DAG_ID=stocksense
AIRFLOW_CTX_TASK_ID=get_data
AIRFLOW_CTX_EXECUTION_DATE=2020-09-23T09:00:00+00:00
AIRFLOW_CTX_DAG_RUN_ID=scheduled__2020-09-23T09:00:00+00:00
[2020-10-16 12:00:43,040] {python_operator.py:114} INFO - Done. Returned value was: None
[2020-10-16 12:00:44,089] {logging_mixin.py:95} INFO - [[34m2020-10-16 12:00:44,088[0m] {[34mlocal_task_job.py:[0m105} INFO[0m - Task exited with return code 0[0m
