[2020-10-16 11:58:04,971] {taskinstance.py:620} INFO - Dependencies all met for <TaskInstance: stocksense.get_data 2020-09-22T23:00:00+00:00 [queued]>
[2020-10-16 11:58:04,986] {taskinstance.py:620} INFO - Dependencies all met for <TaskInstance: stocksense.get_data 2020-09-22T23:00:00+00:00 [queued]>
[2020-10-16 11:58:04,986] {taskinstance.py:838} INFO - 
--------------------------------------------------------------------------------
[2020-10-16 11:58:04,986] {taskinstance.py:839} INFO - Starting attempt 1 of 1
[2020-10-16 11:58:04,986] {taskinstance.py:840} INFO - 
--------------------------------------------------------------------------------
[2020-10-16 11:58:04,994] {taskinstance.py:859} INFO - Executing <Task(PythonOperator): get_data> on 2020-09-22T23:00:00+00:00
[2020-10-16 11:58:04,994] {base_task_runner.py:133} INFO - Running: ['airflow', 'run', 'stocksense', 'get_data', '2020-09-22T23:00:00+00:00', '--job_id', '726', '--pool', 'default_pool', '--raw', '-sd', 'DAGS_FOLDER/data_piplines_book/chapter4/stocksense.py', '--cfg_path', '/tmp/tmpauusrao4']
[2020-10-16 11:58:05,355] {base_task_runner.py:115} INFO - Job 726: Subtask get_data [2020-10-16 11:58:05,354] {settings.py:213} INFO - settings.configure_orm(): Using pool settings. pool_size=5, max_overflow=10, pool_recycle=1800, pid=190471
[2020-10-16 11:58:05,446] {base_task_runner.py:115} INFO - Job 726: Subtask get_data [2020-10-16 11:58:05,446] {__init__.py:51} INFO - Using executor LocalExecutor
[2020-10-16 11:58:05,691] {base_task_runner.py:115} INFO - Job 726: Subtask get_data [2020-10-16 11:58:05,691] {dagbag.py:90} INFO - Filling up the DagBag from /usr/local/airflow/dags/data_piplines_book/chapter4/stocksense.py
[2020-10-16 11:58:05,710] {base_task_runner.py:115} INFO - Job 726: Subtask get_data [2020-10-16 11:58:05,709] {cli.py:516} INFO - Running <TaskInstance: stocksense.get_data 2020-09-22T23:00:00+00:00 [running]> on host 5501f7880404
[2020-10-16 11:58:05,722] {python_operator.py:105} INFO - Exporting the following env vars:
AIRFLOW_CTX_DAG_ID=stocksense
AIRFLOW_CTX_TASK_ID=get_data
AIRFLOW_CTX_EXECUTION_DATE=2020-09-22T23:00:00+00:00
AIRFLOW_CTX_DAG_RUN_ID=scheduled__2020-09-22T23:00:00+00:00
[2020-10-16 11:58:15,234] {python_operator.py:114} INFO - Done. Returned value was: None
[2020-10-16 11:58:20,005] {logging_mixin.py:95} INFO - [[34m2020-10-16 11:58:20,004[0m] {[34mlocal_task_job.py:[0m105} INFO[0m - Task exited with return code 0[0m
