[2020-10-16 10:00:13,848] {taskinstance.py:620} INFO - Dependencies all met for <TaskInstance: unscheduled.fetch_events 2020-10-16T10:00:06.655817+00:00 [queued]>
[2020-10-16 10:00:13,853] {taskinstance.py:620} INFO - Dependencies all met for <TaskInstance: unscheduled.fetch_events 2020-10-16T10:00:06.655817+00:00 [queued]>
[2020-10-16 10:00:13,853] {taskinstance.py:838} INFO - 
--------------------------------------------------------------------------------
[2020-10-16 10:00:13,853] {taskinstance.py:839} INFO - Starting attempt 1 of 1
[2020-10-16 10:00:13,853] {taskinstance.py:840} INFO - 
--------------------------------------------------------------------------------
[2020-10-16 10:00:13,861] {taskinstance.py:859} INFO - Executing <Task(BashOperator): fetch_events> on 2020-10-16T10:00:06.655817+00:00
[2020-10-16 10:00:13,861] {base_task_runner.py:133} INFO - Running: ['airflow', 'run', 'unscheduled', 'fetch_events', '2020-10-16T10:00:06.655817+00:00', '--job_id', '52', '--pool', 'default_pool', '--raw', '-sd', 'DAGS_FOLDER/data_piplines_book/chapter3/unscheduled.py', '--cfg_path', '/tmp/tmpa9wrnczw']
[2020-10-16 10:00:14,209] {base_task_runner.py:115} INFO - Job 52: Subtask fetch_events [2020-10-16 10:00:14,209] {settings.py:213} INFO - settings.configure_orm(): Using pool settings. pool_size=5, max_overflow=10, pool_recycle=1800, pid=108566
[2020-10-16 10:00:14,303] {base_task_runner.py:115} INFO - Job 52: Subtask fetch_events [2020-10-16 10:00:14,303] {__init__.py:51} INFO - Using executor LocalExecutor
[2020-10-16 10:00:14,510] {base_task_runner.py:115} INFO - Job 52: Subtask fetch_events [2020-10-16 10:00:14,510] {dagbag.py:90} INFO - Filling up the DagBag from /usr/local/airflow/dags/data_piplines_book/chapter3/unscheduled.py
[2020-10-16 10:00:14,617] {base_task_runner.py:115} INFO - Job 52: Subtask fetch_events [2020-10-16 10:00:14,617] {cli.py:516} INFO - Running <TaskInstance: unscheduled.fetch_events 2020-10-16T10:00:06.655817+00:00 [running]> on host 5501f7880404
[2020-10-16 10:00:14,626] {bash_operator.py:81} INFO - Tmp dir root location: 
 /tmp
[2020-10-16 10:00:14,626] {bash_operator.py:91} INFO - Exporting the following env vars:
AIRFLOW_CTX_DAG_ID=unscheduled
AIRFLOW_CTX_TASK_ID=fetch_events
AIRFLOW_CTX_EXECUTION_DATE=2020-10-16T10:00:06.655817+00:00
AIRFLOW_CTX_DAG_RUN_ID=manual__2020-10-16T10:00:06.655817+00:00
[2020-10-16 10:00:14,627] {bash_operator.py:105} INFO - Temporary script location: /tmp/airflowtmpt8vows1s/fetch_eventswbm7jihv
[2020-10-16 10:00:14,627] {bash_operator.py:115} INFO - Running command: mkdir -p /data/events && curl -o /data/events.json http://10.39.0.245:5000/events
[2020-10-16 10:00:14,630] {bash_operator.py:124} INFO - Output:
[2020-10-16 10:00:14,630] {bash_operator.py:128} INFO - bash: warning: setlocale: LC_ALL: cannot change locale (en_US.UTF-8)
[2020-10-16 10:00:14,634] {bash_operator.py:128} INFO -   % Total    % Received % Xferd  Average Speed   Time    Time     Time  Current
[2020-10-16 10:00:14,634] {bash_operator.py:128} INFO -                                  Dload  Upload   Total   Spent    Left  Speed
[2020-10-16 10:00:14,825] {bash_operator.py:128} INFO -   0     0    0     0    0     0      0      0 --:--:-- --:--:-- --:--:--     0100 2006k  100 2006k    0     0  10.2M      0 --:--:-- --:--:-- --:--:-- 10.3M
[2020-10-16 10:00:14,826] {bash_operator.py:132} INFO - Command exited with return code 0
[2020-10-16 10:00:18,852] {logging_mixin.py:95} INFO - [[34m2020-10-16 10:00:18,852[0m] {[34mlocal_task_job.py:[0m105} INFO[0m - Task exited with return code 0[0m
