[2020-10-16 11:15:24,476] {taskinstance.py:620} INFO - Dependencies all met for <TaskInstance: stocksense.get_data 2020-09-17T01:00:00+00:00 [queued]>
[2020-10-16 11:15:24,494] {taskinstance.py:620} INFO - Dependencies all met for <TaskInstance: stocksense.get_data 2020-09-17T01:00:00+00:00 [queued]>
[2020-10-16 11:15:24,495] {taskinstance.py:838} INFO - 
--------------------------------------------------------------------------------
[2020-10-16 11:15:24,495] {taskinstance.py:839} INFO - Starting attempt 1 of 1
[2020-10-16 11:15:24,495] {taskinstance.py:840} INFO - 
--------------------------------------------------------------------------------
[2020-10-16 11:15:24,504] {taskinstance.py:859} INFO - Executing <Task(PythonOperator): get_data> on 2020-09-17T01:00:00+00:00
[2020-10-16 11:15:24,505] {base_task_runner.py:133} INFO - Running: ['airflow', 'run', 'stocksense', 'get_data', '2020-09-17T01:00:00+00:00', '--job_id', '154', '--pool', 'default_pool', '--raw', '-sd', 'DAGS_FOLDER/data_piplines_book/chapter4/stocksense.py', '--cfg_path', '/tmp/tmpt4241aok']
[2020-10-16 11:15:24,862] {base_task_runner.py:115} INFO - Job 154: Subtask get_data [2020-10-16 11:15:24,861] {settings.py:213} INFO - settings.configure_orm(): Using pool settings. pool_size=5, max_overflow=10, pool_recycle=1800, pid=155067
[2020-10-16 11:15:24,951] {base_task_runner.py:115} INFO - Job 154: Subtask get_data [2020-10-16 11:15:24,951] {__init__.py:51} INFO - Using executor LocalExecutor
[2020-10-16 11:15:25,208] {base_task_runner.py:115} INFO - Job 154: Subtask get_data [2020-10-16 11:15:25,208] {dagbag.py:90} INFO - Filling up the DagBag from /usr/local/airflow/dags/data_piplines_book/chapter4/stocksense.py
[2020-10-16 11:15:25,227] {base_task_runner.py:115} INFO - Job 154: Subtask get_data [2020-10-16 11:15:25,227] {cli.py:516} INFO - Running <TaskInstance: stocksense.get_data 2020-09-17T01:00:00+00:00 [running]> on host 5501f7880404
[2020-10-16 11:15:25,241] {python_operator.py:105} INFO - Exporting the following env vars:
AIRFLOW_CTX_DAG_ID=stocksense
AIRFLOW_CTX_TASK_ID=get_data
AIRFLOW_CTX_EXECUTION_DATE=2020-09-17T01:00:00+00:00
AIRFLOW_CTX_DAG_RUN_ID=scheduled__2020-09-17T01:00:00+00:00
[2020-10-16 11:15:39,835] {python_operator.py:114} INFO - Done. Returned value was: None
[2020-10-16 11:15:44,501] {logging_mixin.py:95} INFO - [[34m2020-10-16 11:15:44,501[0m] {[34mlocal_task_job.py:[0m105} INFO[0m - Task exited with return code 0[0m
