[2020-10-16 11:18:44,616] {taskinstance.py:620} INFO - Dependencies all met for <TaskInstance: stocksense.extract_gz 2020-09-17T12:00:00+00:00 [queued]>
[2020-10-16 11:18:44,628] {taskinstance.py:620} INFO - Dependencies all met for <TaskInstance: stocksense.extract_gz 2020-09-17T12:00:00+00:00 [queued]>
[2020-10-16 11:18:44,628] {taskinstance.py:838} INFO - 
--------------------------------------------------------------------------------
[2020-10-16 11:18:44,628] {taskinstance.py:839} INFO - Starting attempt 1 of 1
[2020-10-16 11:18:44,628] {taskinstance.py:840} INFO - 
--------------------------------------------------------------------------------
[2020-10-16 11:18:44,634] {taskinstance.py:859} INFO - Executing <Task(BashOperator): extract_gz> on 2020-09-17T12:00:00+00:00
[2020-10-16 11:18:44,634] {base_task_runner.py:133} INFO - Running: ['airflow', 'run', 'stocksense', 'extract_gz', '2020-09-17T12:00:00+00:00', '--job_id', '203', '--pool', 'default_pool', '--raw', '-sd', 'DAGS_FOLDER/data_piplines_book/chapter4/stocksense.py', '--cfg_path', '/tmp/tmphk91e2ti']
[2020-10-16 11:18:44,989] {base_task_runner.py:115} INFO - Job 203: Subtask extract_gz [2020-10-16 11:18:44,988] {settings.py:213} INFO - settings.configure_orm(): Using pool settings. pool_size=5, max_overflow=10, pool_recycle=1800, pid=157895
[2020-10-16 11:18:45,084] {base_task_runner.py:115} INFO - Job 203: Subtask extract_gz [2020-10-16 11:18:45,084] {__init__.py:51} INFO - Using executor LocalExecutor
[2020-10-16 11:18:45,327] {base_task_runner.py:115} INFO - Job 203: Subtask extract_gz [2020-10-16 11:18:45,326] {dagbag.py:90} INFO - Filling up the DagBag from /usr/local/airflow/dags/data_piplines_book/chapter4/stocksense.py
[2020-10-16 11:18:45,344] {base_task_runner.py:115} INFO - Job 203: Subtask extract_gz [2020-10-16 11:18:45,344] {cli.py:516} INFO - Running <TaskInstance: stocksense.extract_gz 2020-09-17T12:00:00+00:00 [running]> on host 5501f7880404
[2020-10-16 11:18:45,355] {bash_operator.py:81} INFO - Tmp dir root location: 
 /tmp
[2020-10-16 11:18:45,355] {bash_operator.py:91} INFO - Exporting the following env vars:
AIRFLOW_CTX_DAG_ID=stocksense
AIRFLOW_CTX_TASK_ID=extract_gz
AIRFLOW_CTX_EXECUTION_DATE=2020-09-17T12:00:00+00:00
AIRFLOW_CTX_DAG_RUN_ID=scheduled__2020-09-17T12:00:00+00:00
[2020-10-16 11:18:45,356] {bash_operator.py:105} INFO - Temporary script location: /tmp/airflowtmppkx696m6/extract_gztq7kzji4
[2020-10-16 11:18:45,356] {bash_operator.py:115} INFO - Running command: gunzip --force /tmp/wikipageviews/20200917T120000/wikipageviews.gz
[2020-10-16 11:18:45,359] {bash_operator.py:124} INFO - Output:
[2020-10-16 11:18:45,360] {bash_operator.py:128} INFO - bash: warning: setlocale: LC_ALL: cannot change locale (en_US.UTF-8)
[2020-10-16 11:18:46,414] {bash_operator.py:132} INFO - Command exited with return code 0
[2020-10-16 11:18:49,617] {logging_mixin.py:95} INFO - [[34m2020-10-16 11:18:49,617[0m] {[34mlocal_task_job.py:[0m105} INFO[0m - Task exited with return code 0[0m
