[2020-10-16 11:38:03,837] {taskinstance.py:620} INFO - Dependencies all met for <TaskInstance: stocksense.get_data 2020-09-20T05:00:00+00:00 [queued]>
[2020-10-16 11:38:03,851] {taskinstance.py:620} INFO - Dependencies all met for <TaskInstance: stocksense.get_data 2020-09-20T05:00:00+00:00 [queued]>
[2020-10-16 11:38:03,852] {taskinstance.py:838} INFO - 
--------------------------------------------------------------------------------
[2020-10-16 11:38:03,852] {taskinstance.py:839} INFO - Starting attempt 1 of 1
[2020-10-16 11:38:03,852] {taskinstance.py:840} INFO - 
--------------------------------------------------------------------------------
[2020-10-16 11:38:03,860] {taskinstance.py:859} INFO - Executing <Task(PythonOperator): get_data> on 2020-09-20T05:00:00+00:00
[2020-10-16 11:38:03,860] {base_task_runner.py:133} INFO - Running: ['airflow', 'run', 'stocksense', 'get_data', '2020-09-20T05:00:00+00:00', '--job_id', '475', '--pool', 'default_pool', '--raw', '-sd', 'DAGS_FOLDER/data_piplines_book/chapter4/stocksense.py', '--cfg_path', '/tmp/tmpj3cpoqfd']
[2020-10-16 11:38:04,211] {base_task_runner.py:115} INFO - Job 475: Subtask get_data [2020-10-16 11:38:04,211] {settings.py:213} INFO - settings.configure_orm(): Using pool settings. pool_size=5, max_overflow=10, pool_recycle=1800, pid=174154
[2020-10-16 11:38:04,301] {base_task_runner.py:115} INFO - Job 475: Subtask get_data [2020-10-16 11:38:04,301] {__init__.py:51} INFO - Using executor LocalExecutor
[2020-10-16 11:38:04,503] {base_task_runner.py:115} INFO - Job 475: Subtask get_data [2020-10-16 11:38:04,503] {dagbag.py:90} INFO - Filling up the DagBag from /usr/local/airflow/dags/data_piplines_book/chapter4/stocksense.py
[2020-10-16 11:38:04,523] {base_task_runner.py:115} INFO - Job 475: Subtask get_data [2020-10-16 11:38:04,522] {cli.py:516} INFO - Running <TaskInstance: stocksense.get_data 2020-09-20T05:00:00+00:00 [running]> on host 5501f7880404
[2020-10-16 11:38:04,536] {python_operator.py:105} INFO - Exporting the following env vars:
AIRFLOW_CTX_DAG_ID=stocksense
AIRFLOW_CTX_TASK_ID=get_data
AIRFLOW_CTX_EXECUTION_DATE=2020-09-20T05:00:00+00:00
AIRFLOW_CTX_DAG_RUN_ID=scheduled__2020-09-20T05:00:00+00:00
[2020-10-16 11:38:13,521] {python_operator.py:114} INFO - Done. Returned value was: None
[2020-10-16 11:38:13,836] {logging_mixin.py:95} INFO - [[34m2020-10-16 11:38:13,835[0m] {[34mlocal_task_job.py:[0m105} INFO[0m - Task exited with return code 0[0m
