[2020-10-16 08:32:56,528] {taskinstance.py:620} INFO - Dependencies all met for <TaskInstance: download_rocket_launches.download_launches 2020-10-11T00:00:00+00:00 [queued]>
[2020-10-16 08:32:56,534] {taskinstance.py:620} INFO - Dependencies all met for <TaskInstance: download_rocket_launches.download_launches 2020-10-11T00:00:00+00:00 [queued]>
[2020-10-16 08:32:56,534] {taskinstance.py:838} INFO - 
--------------------------------------------------------------------------------
[2020-10-16 08:32:56,534] {taskinstance.py:839} INFO - Starting attempt 1 of 1
[2020-10-16 08:32:56,534] {taskinstance.py:840} INFO - 
--------------------------------------------------------------------------------
[2020-10-16 08:32:56,543] {taskinstance.py:859} INFO - Executing <Task(BashOperator): download_launches> on 2020-10-11T00:00:00+00:00
[2020-10-16 08:32:56,544] {base_task_runner.py:133} INFO - Running: ['airflow', 'run', 'download_rocket_launches', 'download_launches', '2020-10-11T00:00:00+00:00', '--job_id', '24', '--pool', 'default_pool', '--raw', '-sd', 'DAGS_FOLDER/data_piplines_book/chapter2/download_rocket_launches.py', '--cfg_path', '/tmp/tmp9gco0rpn']
[2020-10-16 08:32:56,892] {base_task_runner.py:115} INFO - Job 24: Subtask download_launches [2020-10-16 08:32:56,892] {settings.py:213} INFO - settings.configure_orm(): Using pool settings. pool_size=5, max_overflow=10, pool_recycle=1800, pid=56087
[2020-10-16 08:32:56,983] {base_task_runner.py:115} INFO - Job 24: Subtask download_launches [2020-10-16 08:32:56,983] {__init__.py:51} INFO - Using executor LocalExecutor
[2020-10-16 08:32:57,218] {base_task_runner.py:115} INFO - Job 24: Subtask download_launches [2020-10-16 08:32:57,218] {dagbag.py:90} INFO - Filling up the DagBag from /usr/local/airflow/dags/data_piplines_book/chapter2/download_rocket_launches.py
[2020-10-16 08:32:57,235] {base_task_runner.py:115} INFO - Job 24: Subtask download_launches [2020-10-16 08:32:57,235] {cli.py:516} INFO - Running <TaskInstance: download_rocket_launches.download_launches 2020-10-11T00:00:00+00:00 [running]> on host 5501f7880404
[2020-10-16 08:32:57,246] {bash_operator.py:81} INFO - Tmp dir root location: 
 /tmp
[2020-10-16 08:32:57,247] {bash_operator.py:91} INFO - Exporting the following env vars:
AIRFLOW_CTX_DAG_ID=download_rocket_launches
AIRFLOW_CTX_TASK_ID=download_launches
AIRFLOW_CTX_EXECUTION_DATE=2020-10-11T00:00:00+00:00
AIRFLOW_CTX_DAG_RUN_ID=scheduled__2020-10-11T00:00:00+00:00
[2020-10-16 08:32:57,247] {bash_operator.py:105} INFO - Temporary script location: /tmp/airflowtmpltq3zjtq/download_launchesl02ioefn
[2020-10-16 08:32:57,247] {bash_operator.py:115} INFO - Running command: curl -o /tmp/launches.json 'https://launchlibrary.net/1.4/launch?next=5&mode=verbose'
[2020-10-16 08:32:57,250] {bash_operator.py:124} INFO - Output:
[2020-10-16 08:32:57,250] {bash_operator.py:128} INFO - bash: warning: setlocale: LC_ALL: cannot change locale (en_US.UTF-8)
[2020-10-16 08:32:57,254] {bash_operator.py:128} INFO -   % Total    % Received % Xferd  Average Speed   Time    Time     Time  Current
[2020-10-16 08:32:57,254] {bash_operator.py:128} INFO -                                  Dload  Upload   Total   Spent    Left  Speed
[2020-10-16 08:32:57,720] {bash_operator.py:128} INFO -   0     0    0     0    0     0      0      0 --:--:-- --:--:-- --:--:--     0100 13920    0 13920    0     0  30016      0 --:--:-- --:--:-- --:--:-- 30064
[2020-10-16 08:32:57,720] {bash_operator.py:132} INFO - Command exited with return code 0
[2020-10-16 08:33:01,528] {logging_mixin.py:95} INFO - [[34m2020-10-16 08:33:01,528[0m] {[34mlocal_task_job.py:[0m105} INFO[0m - Task exited with return code 0[0m
