[2020-10-16 11:14:20,384] {taskinstance.py:620} INFO - Dependencies all met for <TaskInstance: stocksense.get_data 2020-09-16T21:00:00+00:00 [queued]>
[2020-10-16 11:14:20,399] {taskinstance.py:620} INFO - Dependencies all met for <TaskInstance: stocksense.get_data 2020-09-16T21:00:00+00:00 [queued]>
[2020-10-16 11:14:20,399] {taskinstance.py:838} INFO - 
--------------------------------------------------------------------------------
[2020-10-16 11:14:20,399] {taskinstance.py:839} INFO - Starting attempt 1 of 1
[2020-10-16 11:14:20,399] {taskinstance.py:840} INFO - 
--------------------------------------------------------------------------------
[2020-10-16 11:14:20,409] {taskinstance.py:859} INFO - Executing <Task(PythonOperator): get_data> on 2020-09-16T21:00:00+00:00
[2020-10-16 11:14:20,409] {base_task_runner.py:133} INFO - Running: ['airflow', 'run', 'stocksense', 'get_data', '2020-09-16T21:00:00+00:00', '--job_id', '139', '--pool', 'default_pool', '--raw', '-sd', 'DAGS_FOLDER/data_piplines_book/chapter4/stocksense.py', '--cfg_path', '/tmp/tmp79vd73el']
[2020-10-16 11:14:20,750] {base_task_runner.py:115} INFO - Job 139: Subtask get_data [2020-10-16 11:14:20,750] {settings.py:213} INFO - settings.configure_orm(): Using pool settings. pool_size=5, max_overflow=10, pool_recycle=1800, pid=154157
[2020-10-16 11:14:20,838] {base_task_runner.py:115} INFO - Job 139: Subtask get_data [2020-10-16 11:14:20,837] {__init__.py:51} INFO - Using executor LocalExecutor
[2020-10-16 11:14:21,041] {base_task_runner.py:115} INFO - Job 139: Subtask get_data [2020-10-16 11:14:21,041] {dagbag.py:90} INFO - Filling up the DagBag from /usr/local/airflow/dags/data_piplines_book/chapter4/stocksense.py
[2020-10-16 11:14:21,060] {base_task_runner.py:115} INFO - Job 139: Subtask get_data [2020-10-16 11:14:21,060] {cli.py:516} INFO - Running <TaskInstance: stocksense.get_data 2020-09-16T21:00:00+00:00 [running]> on host 5501f7880404
[2020-10-16 11:14:21,073] {python_operator.py:105} INFO - Exporting the following env vars:
AIRFLOW_CTX_DAG_ID=stocksense
AIRFLOW_CTX_TASK_ID=get_data
AIRFLOW_CTX_EXECUTION_DATE=2020-09-16T21:00:00+00:00
AIRFLOW_CTX_DAG_RUN_ID=scheduled__2020-09-16T21:00:00+00:00
[2020-10-16 11:14:33,131] {python_operator.py:114} INFO - Done. Returned value was: None
[2020-10-16 11:14:35,414] {logging_mixin.py:95} INFO - [[34m2020-10-16 11:14:35,413[0m] {[34mlocal_task_job.py:[0m105} INFO[0m - Task exited with return code 0[0m
