[2020-10-16 11:59:01,035] {taskinstance.py:620} INFO - Dependencies all met for <TaskInstance: stocksense.get_data 2020-09-23T03:00:00+00:00 [queued]>
[2020-10-16 11:59:01,050] {taskinstance.py:620} INFO - Dependencies all met for <TaskInstance: stocksense.get_data 2020-09-23T03:00:00+00:00 [queued]>
[2020-10-16 11:59:01,050] {taskinstance.py:838} INFO - 
--------------------------------------------------------------------------------
[2020-10-16 11:59:01,050] {taskinstance.py:839} INFO - Starting attempt 1 of 1
[2020-10-16 11:59:01,050] {taskinstance.py:840} INFO - 
--------------------------------------------------------------------------------
[2020-10-16 11:59:01,059] {taskinstance.py:859} INFO - Executing <Task(PythonOperator): get_data> on 2020-09-23T03:00:00+00:00
[2020-10-16 11:59:01,059] {base_task_runner.py:133} INFO - Running: ['airflow', 'run', 'stocksense', 'get_data', '2020-09-23T03:00:00+00:00', '--job_id', '740', '--pool', 'default_pool', '--raw', '-sd', 'DAGS_FOLDER/data_piplines_book/chapter4/stocksense.py', '--cfg_path', '/tmp/tmpnig9gmrx']
[2020-10-16 11:59:01,402] {base_task_runner.py:115} INFO - Job 740: Subtask get_data [2020-10-16 11:59:01,402] {settings.py:213} INFO - settings.configure_orm(): Using pool settings. pool_size=5, max_overflow=10, pool_recycle=1800, pid=191277
[2020-10-16 11:59:01,491] {base_task_runner.py:115} INFO - Job 740: Subtask get_data [2020-10-16 11:59:01,491] {__init__.py:51} INFO - Using executor LocalExecutor
[2020-10-16 11:59:01,733] {base_task_runner.py:115} INFO - Job 740: Subtask get_data [2020-10-16 11:59:01,733] {dagbag.py:90} INFO - Filling up the DagBag from /usr/local/airflow/dags/data_piplines_book/chapter4/stocksense.py
[2020-10-16 11:59:01,752] {base_task_runner.py:115} INFO - Job 740: Subtask get_data [2020-10-16 11:59:01,752] {cli.py:516} INFO - Running <TaskInstance: stocksense.get_data 2020-09-23T03:00:00+00:00 [running]> on host 5501f7880404
[2020-10-16 11:59:01,765] {python_operator.py:105} INFO - Exporting the following env vars:
AIRFLOW_CTX_DAG_ID=stocksense
AIRFLOW_CTX_TASK_ID=get_data
AIRFLOW_CTX_EXECUTION_DATE=2020-09-23T03:00:00+00:00
AIRFLOW_CTX_DAG_RUN_ID=scheduled__2020-09-23T03:00:00+00:00
[2020-10-16 11:59:10,394] {python_operator.py:114} INFO - Done. Returned value was: None
[2020-10-16 11:59:11,038] {logging_mixin.py:95} INFO - [[34m2020-10-16 11:59:11,038[0m] {[34mlocal_task_job.py:[0m105} INFO[0m - Task exited with return code 0[0m
