[2020-10-16 12:08:05,520] {taskinstance.py:620} INFO - Dependencies all met for <TaskInstance: stocksense.fetch_pageviews 2020-09-24T09:00:00+00:00 [queued]>
[2020-10-16 12:08:05,529] {taskinstance.py:620} INFO - Dependencies all met for <TaskInstance: stocksense.fetch_pageviews 2020-09-24T09:00:00+00:00 [queued]>
[2020-10-16 12:08:05,529] {taskinstance.py:838} INFO - 
--------------------------------------------------------------------------------
[2020-10-16 12:08:05,529] {taskinstance.py:839} INFO - Starting attempt 1 of 1
[2020-10-16 12:08:05,529] {taskinstance.py:840} INFO - 
--------------------------------------------------------------------------------
[2020-10-16 12:08:05,537] {taskinstance.py:859} INFO - Executing <Task(PythonOperator): fetch_pageviews> on 2020-09-24T09:00:00+00:00
[2020-10-16 12:08:05,537] {base_task_runner.py:133} INFO - Running: ['airflow', 'run', 'stocksense', 'fetch_pageviews', '2020-09-24T09:00:00+00:00', '--job_id', '865', '--pool', 'default_pool', '--raw', '-sd', 'DAGS_FOLDER/data_piplines_book/chapter4/stocksense.py', '--cfg_path', '/tmp/tmp4_4__ckn']
[2020-10-16 12:08:05,883] {base_task_runner.py:115} INFO - Job 865: Subtask fetch_pageviews [2020-10-16 12:08:05,883] {settings.py:213} INFO - settings.configure_orm(): Using pool settings. pool_size=5, max_overflow=10, pool_recycle=1800, pid=198873
[2020-10-16 12:08:05,976] {base_task_runner.py:115} INFO - Job 865: Subtask fetch_pageviews [2020-10-16 12:08:05,975] {__init__.py:51} INFO - Using executor LocalExecutor
[2020-10-16 12:08:06,173] {base_task_runner.py:115} INFO - Job 865: Subtask fetch_pageviews [2020-10-16 12:08:06,173] {dagbag.py:90} INFO - Filling up the DagBag from /usr/local/airflow/dags/data_piplines_book/chapter4/stocksense.py
[2020-10-16 12:08:06,191] {base_task_runner.py:115} INFO - Job 865: Subtask fetch_pageviews [2020-10-16 12:08:06,191] {cli.py:516} INFO - Running <TaskInstance: stocksense.fetch_pageviews 2020-09-24T09:00:00+00:00 [running]> on host 5501f7880404
[2020-10-16 12:08:06,202] {python_operator.py:105} INFO - Exporting the following env vars:
AIRFLOW_CTX_DAG_ID=stocksense
AIRFLOW_CTX_TASK_ID=fetch_pageviews
AIRFLOW_CTX_EXECUTION_DATE=2020-09-24T09:00:00+00:00
AIRFLOW_CTX_DAG_RUN_ID=scheduled__2020-09-24T09:00:00+00:00
[2020-10-16 12:08:08,407] {python_operator.py:114} INFO - Done. Returned value was: None
[2020-10-16 12:08:10,503] {logging_mixin.py:95} INFO - [[34m2020-10-16 12:08:10,503[0m] {[34mlocal_task_job.py:[0m105} INFO[0m - Task exited with return code 0[0m
