[2020-10-16 11:42:34,248] {taskinstance.py:620} INFO - Dependencies all met for <TaskInstance: stocksense.get_data 2020-09-20T20:00:00+00:00 [queued]>
[2020-10-16 11:42:34,268] {taskinstance.py:620} INFO - Dependencies all met for <TaskInstance: stocksense.get_data 2020-09-20T20:00:00+00:00 [queued]>
[2020-10-16 11:42:34,269] {taskinstance.py:838} INFO - 
--------------------------------------------------------------------------------
[2020-10-16 11:42:34,269] {taskinstance.py:839} INFO - Starting attempt 1 of 1
[2020-10-16 11:42:34,269] {taskinstance.py:840} INFO - 
--------------------------------------------------------------------------------
[2020-10-16 11:42:34,278] {taskinstance.py:859} INFO - Executing <Task(PythonOperator): get_data> on 2020-09-20T20:00:00+00:00
[2020-10-16 11:42:34,278] {base_task_runner.py:133} INFO - Running: ['airflow', 'run', 'stocksense', 'get_data', '2020-09-20T20:00:00+00:00', '--job_id', '531', '--pool', 'default_pool', '--raw', '-sd', 'DAGS_FOLDER/data_piplines_book/chapter4/stocksense.py', '--cfg_path', '/tmp/tmpd4ze3w50']
[2020-10-16 11:42:34,635] {base_task_runner.py:115} INFO - Job 531: Subtask get_data [2020-10-16 11:42:34,635] {settings.py:213} INFO - settings.configure_orm(): Using pool settings. pool_size=5, max_overflow=10, pool_recycle=1800, pid=177831
[2020-10-16 11:42:34,727] {base_task_runner.py:115} INFO - Job 531: Subtask get_data [2020-10-16 11:42:34,727] {__init__.py:51} INFO - Using executor LocalExecutor
[2020-10-16 11:42:34,965] {base_task_runner.py:115} INFO - Job 531: Subtask get_data [2020-10-16 11:42:34,965] {dagbag.py:90} INFO - Filling up the DagBag from /usr/local/airflow/dags/data_piplines_book/chapter4/stocksense.py
[2020-10-16 11:42:34,986] {base_task_runner.py:115} INFO - Job 531: Subtask get_data [2020-10-16 11:42:34,985] {cli.py:516} INFO - Running <TaskInstance: stocksense.get_data 2020-09-20T20:00:00+00:00 [running]> on host 5501f7880404
[2020-10-16 11:42:35,000] {python_operator.py:105} INFO - Exporting the following env vars:
AIRFLOW_CTX_DAG_ID=stocksense
AIRFLOW_CTX_TASK_ID=get_data
AIRFLOW_CTX_EXECUTION_DATE=2020-09-20T20:00:00+00:00
AIRFLOW_CTX_DAG_RUN_ID=scheduled__2020-09-20T20:00:00+00:00
[2020-10-16 11:42:49,006] {python_operator.py:114} INFO - Done. Returned value was: None
[2020-10-16 11:42:49,103] {logging_mixin.py:95} INFO - [[34m2020-10-16 11:42:49,103[0m] {[34mlocal_task_job.py:[0m172} WARNING[0m - State of this instance has been externally set to [1msuccess[0m. Taking the poison pill.[0m
[2020-10-16 11:42:49,104] {helpers.py:307} INFO - Sending Signals.SIGTERM to GPID 177831
[2020-10-16 11:42:49,108] {helpers.py:285} INFO - Process psutil.Process(pid=177831, status='terminated', exitcode=<Negsignal.SIGTERM: -15>, started='11:42:34') (177831) terminated with exit code Negsignal.SIGTERM
[2020-10-16 11:42:49,108] {logging_mixin.py:95} INFO - [[34m2020-10-16 11:42:49,108[0m] {[34mlocal_task_job.py:[0m105} INFO[0m - Task exited with return code 0[0m
