[2020-10-16 11:44:54,217] {taskinstance.py:620} INFO - Dependencies all met for <TaskInstance: stocksense.extract_gz 2020-09-21T04:00:00+00:00 [queued]>
[2020-10-16 11:44:54,226] {taskinstance.py:620} INFO - Dependencies all met for <TaskInstance: stocksense.extract_gz 2020-09-21T04:00:00+00:00 [queued]>
[2020-10-16 11:44:54,227] {taskinstance.py:838} INFO - 
--------------------------------------------------------------------------------
[2020-10-16 11:44:54,227] {taskinstance.py:839} INFO - Starting attempt 1 of 1
[2020-10-16 11:44:54,227] {taskinstance.py:840} INFO - 
--------------------------------------------------------------------------------
[2020-10-16 11:44:54,232] {taskinstance.py:859} INFO - Executing <Task(BashOperator): extract_gz> on 2020-09-21T04:00:00+00:00
[2020-10-16 11:44:54,232] {base_task_runner.py:133} INFO - Running: ['airflow', 'run', 'stocksense', 'extract_gz', '2020-09-21T04:00:00+00:00', '--job_id', '558', '--pool', 'default_pool', '--raw', '-sd', 'DAGS_FOLDER/data_piplines_book/chapter4/stocksense.py', '--cfg_path', '/tmp/tmp1jtjh2fb']
[2020-10-16 11:44:54,575] {base_task_runner.py:115} INFO - Job 558: Subtask extract_gz [2020-10-16 11:44:54,575] {settings.py:213} INFO - settings.configure_orm(): Using pool settings. pool_size=5, max_overflow=10, pool_recycle=1800, pid=179698
[2020-10-16 11:44:54,665] {base_task_runner.py:115} INFO - Job 558: Subtask extract_gz [2020-10-16 11:44:54,665] {__init__.py:51} INFO - Using executor LocalExecutor
[2020-10-16 11:44:54,915] {base_task_runner.py:115} INFO - Job 558: Subtask extract_gz [2020-10-16 11:44:54,914] {dagbag.py:90} INFO - Filling up the DagBag from /usr/local/airflow/dags/data_piplines_book/chapter4/stocksense.py
[2020-10-16 11:44:54,933] {base_task_runner.py:115} INFO - Job 558: Subtask extract_gz [2020-10-16 11:44:54,933] {cli.py:516} INFO - Running <TaskInstance: stocksense.extract_gz 2020-09-21T04:00:00+00:00 [running]> on host 5501f7880404
[2020-10-16 11:44:54,946] {bash_operator.py:81} INFO - Tmp dir root location: 
 /tmp
[2020-10-16 11:44:54,946] {bash_operator.py:91} INFO - Exporting the following env vars:
AIRFLOW_CTX_DAG_ID=stocksense
AIRFLOW_CTX_TASK_ID=extract_gz
AIRFLOW_CTX_EXECUTION_DATE=2020-09-21T04:00:00+00:00
AIRFLOW_CTX_DAG_RUN_ID=scheduled__2020-09-21T04:00:00+00:00
[2020-10-16 11:44:54,946] {bash_operator.py:105} INFO - Temporary script location: /tmp/airflowtmpkoql3iss/extract_gz3iar1bsj
[2020-10-16 11:44:54,946] {bash_operator.py:115} INFO - Running command: gunzip --force /tmp/wikipageviews/20200921T040000/wikipageviews.gz
[2020-10-16 11:44:54,951] {bash_operator.py:124} INFO - Output:
[2020-10-16 11:44:54,952] {bash_operator.py:128} INFO - bash: warning: setlocale: LC_ALL: cannot change locale (en_US.UTF-8)
[2020-10-16 11:44:55,679] {bash_operator.py:132} INFO - Command exited with return code 0
[2020-10-16 11:44:59,213] {logging_mixin.py:95} INFO - [[34m2020-10-16 11:44:59,213[0m] {[34mlocal_task_job.py:[0m105} INFO[0m - Task exited with return code 0[0m
