[2020-10-16 12:02:03,268] {taskinstance.py:620} INFO - Dependencies all met for <TaskInstance: stocksense.get_data 2020-09-23T14:00:00+00:00 [queued]>
[2020-10-16 12:02:03,285] {taskinstance.py:620} INFO - Dependencies all met for <TaskInstance: stocksense.get_data 2020-09-23T14:00:00+00:00 [queued]>
[2020-10-16 12:02:03,285] {taskinstance.py:838} INFO - 
--------------------------------------------------------------------------------
[2020-10-16 12:02:03,285] {taskinstance.py:839} INFO - Starting attempt 1 of 1
[2020-10-16 12:02:03,285] {taskinstance.py:840} INFO - 
--------------------------------------------------------------------------------
[2020-10-16 12:02:03,295] {taskinstance.py:859} INFO - Executing <Task(PythonOperator): get_data> on 2020-09-23T14:00:00+00:00
[2020-10-16 12:02:03,295] {base_task_runner.py:133} INFO - Running: ['airflow', 'run', 'stocksense', 'get_data', '2020-09-23T14:00:00+00:00', '--job_id', '784', '--pool', 'default_pool', '--raw', '-sd', 'DAGS_FOLDER/data_piplines_book/chapter4/stocksense.py', '--cfg_path', '/tmp/tmp9vug13sx']
[2020-10-16 12:02:03,650] {base_task_runner.py:115} INFO - Job 784: Subtask get_data [2020-10-16 12:02:03,649] {settings.py:213} INFO - settings.configure_orm(): Using pool settings. pool_size=5, max_overflow=10, pool_recycle=1800, pid=193857
[2020-10-16 12:02:03,742] {base_task_runner.py:115} INFO - Job 784: Subtask get_data [2020-10-16 12:02:03,742] {__init__.py:51} INFO - Using executor LocalExecutor
[2020-10-16 12:02:04,006] {base_task_runner.py:115} INFO - Job 784: Subtask get_data [2020-10-16 12:02:04,005] {dagbag.py:90} INFO - Filling up the DagBag from /usr/local/airflow/dags/data_piplines_book/chapter4/stocksense.py
[2020-10-16 12:02:04,025] {base_task_runner.py:115} INFO - Job 784: Subtask get_data [2020-10-16 12:02:04,024] {cli.py:516} INFO - Running <TaskInstance: stocksense.get_data 2020-09-23T14:00:00+00:00 [running]> on host 5501f7880404
[2020-10-16 12:02:04,039] {python_operator.py:105} INFO - Exporting the following env vars:
AIRFLOW_CTX_DAG_ID=stocksense
AIRFLOW_CTX_TASK_ID=get_data
AIRFLOW_CTX_EXECUTION_DATE=2020-09-23T14:00:00+00:00
AIRFLOW_CTX_DAG_RUN_ID=scheduled__2020-09-23T14:00:00+00:00
[2020-10-16 12:02:17,597] {python_operator.py:114} INFO - Done. Returned value was: None
[2020-10-16 12:02:18,272] {logging_mixin.py:95} INFO - [[34m2020-10-16 12:02:18,271[0m] {[34mlocal_task_job.py:[0m105} INFO[0m - Task exited with return code 0[0m
