[2020-10-16 12:04:43,357] {taskinstance.py:620} INFO - Dependencies all met for <TaskInstance: stocksense.fetch_pageviews 2020-09-23T21:00:00+00:00 [queued]>
[2020-10-16 12:04:43,365] {taskinstance.py:620} INFO - Dependencies all met for <TaskInstance: stocksense.fetch_pageviews 2020-09-23T21:00:00+00:00 [queued]>
[2020-10-16 12:04:43,365] {taskinstance.py:838} INFO - 
--------------------------------------------------------------------------------
[2020-10-16 12:04:43,365] {taskinstance.py:839} INFO - Starting attempt 1 of 1
[2020-10-16 12:04:43,365] {taskinstance.py:840} INFO - 
--------------------------------------------------------------------------------
[2020-10-16 12:04:43,373] {taskinstance.py:859} INFO - Executing <Task(PythonOperator): fetch_pageviews> on 2020-09-23T21:00:00+00:00
[2020-10-16 12:04:43,374] {base_task_runner.py:133} INFO - Running: ['airflow', 'run', 'stocksense', 'fetch_pageviews', '2020-09-23T21:00:00+00:00', '--job_id', '817', '--pool', 'default_pool', '--raw', '-sd', 'DAGS_FOLDER/data_piplines_book/chapter4/stocksense.py', '--cfg_path', '/tmp/tmp16cv1uml']
[2020-10-16 12:04:43,721] {base_task_runner.py:115} INFO - Job 817: Subtask fetch_pageviews [2020-10-16 12:04:43,720] {settings.py:213} INFO - settings.configure_orm(): Using pool settings. pool_size=5, max_overflow=10, pool_recycle=1800, pid=196031
[2020-10-16 12:04:43,811] {base_task_runner.py:115} INFO - Job 817: Subtask fetch_pageviews [2020-10-16 12:04:43,811] {__init__.py:51} INFO - Using executor LocalExecutor
[2020-10-16 12:04:44,012] {base_task_runner.py:115} INFO - Job 817: Subtask fetch_pageviews [2020-10-16 12:04:44,012] {dagbag.py:90} INFO - Filling up the DagBag from /usr/local/airflow/dags/data_piplines_book/chapter4/stocksense.py
[2020-10-16 12:04:44,031] {base_task_runner.py:115} INFO - Job 817: Subtask fetch_pageviews [2020-10-16 12:04:44,031] {cli.py:516} INFO - Running <TaskInstance: stocksense.fetch_pageviews 2020-09-23T21:00:00+00:00 [running]> on host 5501f7880404
[2020-10-16 12:04:44,042] {python_operator.py:105} INFO - Exporting the following env vars:
AIRFLOW_CTX_DAG_ID=stocksense
AIRFLOW_CTX_TASK_ID=fetch_pageviews
AIRFLOW_CTX_EXECUTION_DATE=2020-09-23T21:00:00+00:00
AIRFLOW_CTX_DAG_RUN_ID=scheduled__2020-09-23T21:00:00+00:00
[2020-10-16 12:04:46,349] {python_operator.py:114} INFO - Done. Returned value was: None
[2020-10-16 12:04:48,351] {logging_mixin.py:95} INFO - [[34m2020-10-16 12:04:48,351[0m] {[34mlocal_task_job.py:[0m105} INFO[0m - Task exited with return code 0[0m
