[2020-10-16 11:38:51,802] {taskinstance.py:620} INFO - Dependencies all met for <TaskInstance: stocksense.extract_gz 2020-09-20T07:00:00+00:00 [queued]>
[2020-10-16 11:38:51,813] {taskinstance.py:620} INFO - Dependencies all met for <TaskInstance: stocksense.extract_gz 2020-09-20T07:00:00+00:00 [queued]>
[2020-10-16 11:38:51,813] {taskinstance.py:838} INFO - 
--------------------------------------------------------------------------------
[2020-10-16 11:38:51,813] {taskinstance.py:839} INFO - Starting attempt 1 of 1
[2020-10-16 11:38:51,813] {taskinstance.py:840} INFO - 
--------------------------------------------------------------------------------
[2020-10-16 11:38:51,818] {taskinstance.py:859} INFO - Executing <Task(BashOperator): extract_gz> on 2020-09-20T07:00:00+00:00
[2020-10-16 11:38:51,818] {base_task_runner.py:133} INFO - Running: ['airflow', 'run', 'stocksense', 'extract_gz', '2020-09-20T07:00:00+00:00', '--job_id', '486', '--pool', 'default_pool', '--raw', '-sd', 'DAGS_FOLDER/data_piplines_book/chapter4/stocksense.py', '--cfg_path', '/tmp/tmp482s0u1n']
[2020-10-16 11:38:52,185] {base_task_runner.py:115} INFO - Job 486: Subtask extract_gz [2020-10-16 11:38:52,184] {settings.py:213} INFO - settings.configure_orm(): Using pool settings. pool_size=5, max_overflow=10, pool_recycle=1800, pid=174832
[2020-10-16 11:38:52,275] {base_task_runner.py:115} INFO - Job 486: Subtask extract_gz [2020-10-16 11:38:52,275] {__init__.py:51} INFO - Using executor LocalExecutor
[2020-10-16 11:38:52,510] {base_task_runner.py:115} INFO - Job 486: Subtask extract_gz [2020-10-16 11:38:52,510] {dagbag.py:90} INFO - Filling up the DagBag from /usr/local/airflow/dags/data_piplines_book/chapter4/stocksense.py
[2020-10-16 11:38:52,529] {base_task_runner.py:115} INFO - Job 486: Subtask extract_gz [2020-10-16 11:38:52,529] {cli.py:516} INFO - Running <TaskInstance: stocksense.extract_gz 2020-09-20T07:00:00+00:00 [running]> on host 5501f7880404
[2020-10-16 11:38:52,541] {bash_operator.py:81} INFO - Tmp dir root location: 
 /tmp
[2020-10-16 11:38:52,541] {bash_operator.py:91} INFO - Exporting the following env vars:
AIRFLOW_CTX_DAG_ID=stocksense
AIRFLOW_CTX_TASK_ID=extract_gz
AIRFLOW_CTX_EXECUTION_DATE=2020-09-20T07:00:00+00:00
AIRFLOW_CTX_DAG_RUN_ID=scheduled__2020-09-20T07:00:00+00:00
[2020-10-16 11:38:52,541] {bash_operator.py:105} INFO - Temporary script location: /tmp/airflowtmpn5gf0vml/extract_gzx4xucoz6
[2020-10-16 11:38:52,541] {bash_operator.py:115} INFO - Running command: gunzip --force /tmp/wikipageviews/20200920T070000/wikipageviews.gz
[2020-10-16 11:38:52,545] {bash_operator.py:124} INFO - Output:
[2020-10-16 11:38:52,546] {bash_operator.py:128} INFO - bash: warning: setlocale: LC_ALL: cannot change locale (en_US.UTF-8)
[2020-10-16 11:38:53,355] {bash_operator.py:132} INFO - Command exited with return code 0
[2020-10-16 11:38:56,812] {logging_mixin.py:95} INFO - [[34m2020-10-16 11:38:56,811[0m] {[34mlocal_task_job.py:[0m105} INFO[0m - Task exited with return code 0[0m
