[2020-10-16 08:33:04,508] {taskinstance.py:620} INFO - Dependencies all met for <TaskInstance: download_rocket_launches.get_pictures 2020-10-13T00:00:00+00:00 [queued]>
[2020-10-16 08:33:04,519] {taskinstance.py:620} INFO - Dependencies all met for <TaskInstance: download_rocket_launches.get_pictures 2020-10-13T00:00:00+00:00 [queued]>
[2020-10-16 08:33:04,519] {taskinstance.py:838} INFO - 
--------------------------------------------------------------------------------
[2020-10-16 08:33:04,519] {taskinstance.py:839} INFO - Starting attempt 1 of 1
[2020-10-16 08:33:04,519] {taskinstance.py:840} INFO - 
--------------------------------------------------------------------------------
[2020-10-16 08:33:04,525] {taskinstance.py:859} INFO - Executing <Task(PythonOperator): get_pictures> on 2020-10-13T00:00:00+00:00
[2020-10-16 08:33:04,525] {base_task_runner.py:133} INFO - Running: ['airflow', 'run', 'download_rocket_launches', 'get_pictures', '2020-10-13T00:00:00+00:00', '--job_id', '37', '--pool', 'default_pool', '--raw', '-sd', 'DAGS_FOLDER/data_piplines_book/chapter2/download_rocket_launches.py', '--cfg_path', '/tmp/tmpdjp1jw8p']
[2020-10-16 08:33:04,895] {base_task_runner.py:115} INFO - Job 37: Subtask get_pictures [2020-10-16 08:33:04,895] {settings.py:213} INFO - settings.configure_orm(): Using pool settings. pool_size=5, max_overflow=10, pool_recycle=1800, pid=56409
[2020-10-16 08:33:04,993] {base_task_runner.py:115} INFO - Job 37: Subtask get_pictures [2020-10-16 08:33:04,991] {__init__.py:51} INFO - Using executor LocalExecutor
[2020-10-16 08:33:05,281] {base_task_runner.py:115} INFO - Job 37: Subtask get_pictures [2020-10-16 08:33:05,281] {dagbag.py:90} INFO - Filling up the DagBag from /usr/local/airflow/dags/data_piplines_book/chapter2/download_rocket_launches.py
[2020-10-16 08:33:05,302] {base_task_runner.py:115} INFO - Job 37: Subtask get_pictures [2020-10-16 08:33:05,302] {cli.py:516} INFO - Running <TaskInstance: download_rocket_launches.get_pictures 2020-10-13T00:00:00+00:00 [running]> on host 5501f7880404
[2020-10-16 08:33:05,318] {python_operator.py:105} INFO - Exporting the following env vars:
AIRFLOW_CTX_DAG_ID=download_rocket_launches
AIRFLOW_CTX_TASK_ID=get_pictures
AIRFLOW_CTX_EXECUTION_DATE=2020-10-13T00:00:00+00:00
AIRFLOW_CTX_DAG_RUN_ID=scheduled__2020-10-13T00:00:00+00:00
[2020-10-16 08:33:06,393] {logging_mixin.py:95} INFO - Downloaded https://launchlibrary1.nyc3.digitaloceanspaces.com/RocketImages/Falcon9Block5.jpg_1920.jpg to /tmp/images/Falcon9Block5.jpg_1920.jpg
[2020-10-16 08:33:07,187] {logging_mixin.py:95} INFO - Downloaded https://launchlibrary1.nyc3.digitaloceanspaces.com/RocketImages/Electron.jpg_1440.jpg to /tmp/images/Electron.jpg_1440.jpg
[2020-10-16 08:33:08,249] {logging_mixin.py:95} INFO - Downloaded https://launchlibrary1.nyc3.digitaloceanspaces.com/RocketImages/Falcon9Block5.jpg_1920.jpg to /tmp/images/Falcon9Block5.jpg_1920.jpg
[2020-10-16 08:33:09,436] {logging_mixin.py:95} INFO - Downloaded https://launchlibrary1.nyc3.digitaloceanspaces.com/RocketImages/Delta+IV+Heavy_1920.jpg to /tmp/images/Delta+IV+Heavy_1920.jpg
[2020-10-16 08:33:10,473] {logging_mixin.py:95} INFO - Downloaded https://launchlibrary1.nyc3.digitaloceanspaces.com/RocketImages/placeholder_1920.png to /tmp/images/placeholder_1920.png
[2020-10-16 08:33:10,473] {python_operator.py:114} INFO - Done. Returned value was: None
[2020-10-16 08:33:14,549] {logging_mixin.py:95} INFO - [[34m2020-10-16 08:33:14,548[0m] {[34mlocal_task_job.py:[0m105} INFO[0m - Task exited with return code 0[0m
