[2020-10-16 08:32:56,498] {taskinstance.py:620} INFO - Dependencies all met for <TaskInstance: download_rocket_launches.get_pictures 2020-10-09T00:00:00+00:00 [queued]>
[2020-10-16 08:32:56,507] {taskinstance.py:620} INFO - Dependencies all met for <TaskInstance: download_rocket_launches.get_pictures 2020-10-09T00:00:00+00:00 [queued]>
[2020-10-16 08:32:56,507] {taskinstance.py:838} INFO - 
--------------------------------------------------------------------------------
[2020-10-16 08:32:56,508] {taskinstance.py:839} INFO - Starting attempt 1 of 1
[2020-10-16 08:32:56,508] {taskinstance.py:840} INFO - 
--------------------------------------------------------------------------------
[2020-10-16 08:32:56,514] {taskinstance.py:859} INFO - Executing <Task(PythonOperator): get_pictures> on 2020-10-09T00:00:00+00:00
[2020-10-16 08:32:56,515] {base_task_runner.py:133} INFO - Running: ['airflow', 'run', 'download_rocket_launches', 'get_pictures', '2020-10-09T00:00:00+00:00', '--job_id', '23', '--pool', 'default_pool', '--raw', '-sd', 'DAGS_FOLDER/data_piplines_book/chapter2/download_rocket_launches.py', '--cfg_path', '/tmp/tmpjewxf68h']
[2020-10-16 08:32:56,868] {base_task_runner.py:115} INFO - Job 23: Subtask get_pictures [2020-10-16 08:32:56,868] {settings.py:213} INFO - settings.configure_orm(): Using pool settings. pool_size=5, max_overflow=10, pool_recycle=1800, pid=56085
[2020-10-16 08:32:56,961] {base_task_runner.py:115} INFO - Job 23: Subtask get_pictures [2020-10-16 08:32:56,960] {__init__.py:51} INFO - Using executor LocalExecutor
[2020-10-16 08:32:57,216] {base_task_runner.py:115} INFO - Job 23: Subtask get_pictures [2020-10-16 08:32:57,216] {dagbag.py:90} INFO - Filling up the DagBag from /usr/local/airflow/dags/data_piplines_book/chapter2/download_rocket_launches.py
[2020-10-16 08:32:57,233] {base_task_runner.py:115} INFO - Job 23: Subtask get_pictures [2020-10-16 08:32:57,233] {cli.py:516} INFO - Running <TaskInstance: download_rocket_launches.get_pictures 2020-10-09T00:00:00+00:00 [running]> on host 5501f7880404
[2020-10-16 08:32:57,244] {python_operator.py:105} INFO - Exporting the following env vars:
AIRFLOW_CTX_DAG_ID=download_rocket_launches
AIRFLOW_CTX_TASK_ID=get_pictures
AIRFLOW_CTX_EXECUTION_DATE=2020-10-09T00:00:00+00:00
AIRFLOW_CTX_DAG_RUN_ID=scheduled__2020-10-09T00:00:00+00:00
[2020-10-16 08:32:58,310] {logging_mixin.py:95} INFO - Downloaded https://launchlibrary1.nyc3.digitaloceanspaces.com/RocketImages/Falcon9Block5.jpg_1920.jpg to /tmp/images/Falcon9Block5.jpg_1920.jpg
[2020-10-16 08:32:59,139] {logging_mixin.py:95} INFO - Downloaded https://launchlibrary1.nyc3.digitaloceanspaces.com/RocketImages/Electron.jpg_1440.jpg to /tmp/images/Electron.jpg_1440.jpg
[2020-10-16 08:33:00,168] {logging_mixin.py:95} INFO - Downloaded https://launchlibrary1.nyc3.digitaloceanspaces.com/RocketImages/Falcon9Block5.jpg_1920.jpg to /tmp/images/Falcon9Block5.jpg_1920.jpg
[2020-10-16 08:33:01,182] {logging_mixin.py:95} INFO - Downloaded https://launchlibrary1.nyc3.digitaloceanspaces.com/RocketImages/Delta+IV+Heavy_1920.jpg to /tmp/images/Delta+IV+Heavy_1920.jpg
[2020-10-16 08:33:02,086] {logging_mixin.py:95} INFO - Downloaded https://launchlibrary1.nyc3.digitaloceanspaces.com/RocketImages/placeholder_1920.png to /tmp/images/placeholder_1920.png
[2020-10-16 08:33:02,087] {python_operator.py:114} INFO - Done. Returned value was: None
[2020-10-16 08:33:06,498] {logging_mixin.py:95} INFO - [[34m2020-10-16 08:33:06,498[0m] {[34mlocal_task_job.py:[0m105} INFO[0m - Task exited with return code 0[0m
