[2020-10-16 11:47:09,498] {taskinstance.py:620} INFO - Dependencies all met for <TaskInstance: stocksense.fetch_pageviews 2020-09-21T11:00:00+00:00 [queued]>
[2020-10-16 11:47:09,550] {taskinstance.py:620} INFO - Dependencies all met for <TaskInstance: stocksense.fetch_pageviews 2020-09-21T11:00:00+00:00 [queued]>
[2020-10-16 11:47:09,550] {taskinstance.py:838} INFO - 
--------------------------------------------------------------------------------
[2020-10-16 11:47:09,550] {taskinstance.py:839} INFO - Starting attempt 1 of 1
[2020-10-16 11:47:09,550] {taskinstance.py:840} INFO - 
--------------------------------------------------------------------------------
[2020-10-16 11:47:09,576] {taskinstance.py:859} INFO - Executing <Task(PythonOperator): fetch_pageviews> on 2020-09-21T11:00:00+00:00
[2020-10-16 11:47:09,578] {base_task_runner.py:133} INFO - Running: ['airflow', 'run', 'stocksense', 'fetch_pageviews', '2020-09-21T11:00:00+00:00', '--job_id', '590', '--pool', 'default_pool', '--raw', '-sd', 'DAGS_FOLDER/data_piplines_book/chapter4/stocksense.py', '--cfg_path', '/tmp/tmpn356dpgm']
[2020-10-16 11:47:10,566] {base_task_runner.py:115} INFO - Job 590: Subtask fetch_pageviews [2020-10-16 11:47:10,559] {settings.py:213} INFO - settings.configure_orm(): Using pool settings. pool_size=5, max_overflow=10, pool_recycle=1800, pid=181625
[2020-10-16 11:47:10,681] {base_task_runner.py:115} INFO - Job 590: Subtask fetch_pageviews [2020-10-16 11:47:10,680] {__init__.py:51} INFO - Using executor LocalExecutor
[2020-10-16 11:47:11,152] {base_task_runner.py:115} INFO - Job 590: Subtask fetch_pageviews [2020-10-16 11:47:11,151] {dagbag.py:90} INFO - Filling up the DagBag from /usr/local/airflow/dags/data_piplines_book/chapter4/stocksense.py
[2020-10-16 11:47:11,232] {base_task_runner.py:115} INFO - Job 590: Subtask fetch_pageviews [2020-10-16 11:47:11,231] {cli.py:516} INFO - Running <TaskInstance: stocksense.fetch_pageviews 2020-09-21T11:00:00+00:00 [running]> on host 5501f7880404
[2020-10-16 11:47:11,255] {python_operator.py:105} INFO - Exporting the following env vars:
AIRFLOW_CTX_DAG_ID=stocksense
AIRFLOW_CTX_TASK_ID=fetch_pageviews
AIRFLOW_CTX_EXECUTION_DATE=2020-09-21T11:00:00+00:00
AIRFLOW_CTX_DAG_RUN_ID=scheduled__2020-09-21T11:00:00+00:00
[2020-10-16 11:47:14,230] {python_operator.py:114} INFO - Done. Returned value was: None
[2020-10-16 11:47:14,429] {logging_mixin.py:95} INFO - [[34m2020-10-16 11:47:14,429[0m] {[34mlocal_task_job.py:[0m172} WARNING[0m - State of this instance has been externally set to [1msuccess[0m. Taking the poison pill.[0m
[2020-10-16 11:47:14,431] {helpers.py:307} INFO - Sending Signals.SIGTERM to GPID 181625
[2020-10-16 11:47:14,432] {helpers.py:285} INFO - Process psutil.Process(pid=181625, status='terminated', exitcode=0, started='11:47:09') (181625) terminated with exit code 0
[2020-10-16 11:47:14,432] {logging_mixin.py:95} INFO - [[34m2020-10-16 11:47:14,432[0m] {[34mlocal_task_job.py:[0m105} INFO[0m - Task exited with return code 0[0m
