[2020-10-16 12:08:17,574] {taskinstance.py:620} INFO - Dependencies all met for <TaskInstance: stocksense.get_data 2020-09-24T11:00:00+00:00 [queued]>
[2020-10-16 12:08:17,589] {taskinstance.py:620} INFO - Dependencies all met for <TaskInstance: stocksense.get_data 2020-09-24T11:00:00+00:00 [queued]>
[2020-10-16 12:08:17,589] {taskinstance.py:838} INFO - 
--------------------------------------------------------------------------------
[2020-10-16 12:08:17,589] {taskinstance.py:839} INFO - Starting attempt 1 of 1
[2020-10-16 12:08:17,589] {taskinstance.py:840} INFO - 
--------------------------------------------------------------------------------
[2020-10-16 12:08:17,597] {taskinstance.py:859} INFO - Executing <Task(PythonOperator): get_data> on 2020-09-24T11:00:00+00:00
[2020-10-16 12:08:17,597] {base_task_runner.py:133} INFO - Running: ['airflow', 'run', 'stocksense', 'get_data', '2020-09-24T11:00:00+00:00', '--job_id', '868', '--pool', 'default_pool', '--raw', '-sd', 'DAGS_FOLDER/data_piplines_book/chapter4/stocksense.py', '--cfg_path', '/tmp/tmperae_us9']
[2020-10-16 12:08:17,947] {base_task_runner.py:115} INFO - Job 868: Subtask get_data [2020-10-16 12:08:17,947] {settings.py:213} INFO - settings.configure_orm(): Using pool settings. pool_size=5, max_overflow=10, pool_recycle=1800, pid=199037
[2020-10-16 12:08:18,039] {base_task_runner.py:115} INFO - Job 868: Subtask get_data [2020-10-16 12:08:18,039] {__init__.py:51} INFO - Using executor LocalExecutor
[2020-10-16 12:08:18,262] {base_task_runner.py:115} INFO - Job 868: Subtask get_data [2020-10-16 12:08:18,262] {dagbag.py:90} INFO - Filling up the DagBag from /usr/local/airflow/dags/data_piplines_book/chapter4/stocksense.py
[2020-10-16 12:08:18,280] {base_task_runner.py:115} INFO - Job 868: Subtask get_data [2020-10-16 12:08:18,280] {cli.py:516} INFO - Running <TaskInstance: stocksense.get_data 2020-09-24T11:00:00+00:00 [running]> on host 5501f7880404
[2020-10-16 12:08:18,292] {python_operator.py:105} INFO - Exporting the following env vars:
AIRFLOW_CTX_DAG_ID=stocksense
AIRFLOW_CTX_TASK_ID=get_data
AIRFLOW_CTX_EXECUTION_DATE=2020-09-24T11:00:00+00:00
AIRFLOW_CTX_DAG_RUN_ID=scheduled__2020-09-24T11:00:00+00:00
[2020-10-16 12:08:31,312] {python_operator.py:114} INFO - Done. Returned value was: None
[2020-10-16 12:08:32,610] {logging_mixin.py:95} INFO - [[34m2020-10-16 12:08:32,609[0m] {[34mlocal_task_job.py:[0m105} INFO[0m - Task exited with return code 0[0m
