[2020-10-16 11:32:31,421] {taskinstance.py:620} INFO - Dependencies all met for <TaskInstance: stocksense.fetch_pageviews 2020-09-19T09:00:00+00:00 [queued]>
[2020-10-16 11:32:31,428] {taskinstance.py:620} INFO - Dependencies all met for <TaskInstance: stocksense.fetch_pageviews 2020-09-19T09:00:00+00:00 [queued]>
[2020-10-16 11:32:31,428] {taskinstance.py:838} INFO - 
--------------------------------------------------------------------------------
[2020-10-16 11:32:31,428] {taskinstance.py:839} INFO - Starting attempt 1 of 1
[2020-10-16 11:32:31,428] {taskinstance.py:840} INFO - 
--------------------------------------------------------------------------------
[2020-10-16 11:32:31,436] {taskinstance.py:859} INFO - Executing <Task(PythonOperator): fetch_pageviews> on 2020-09-19T09:00:00+00:00
[2020-10-16 11:32:31,436] {base_task_runner.py:133} INFO - Running: ['airflow', 'run', 'stocksense', 'fetch_pageviews', '2020-09-19T09:00:00+00:00', '--job_id', '384', '--pool', 'default_pool', '--raw', '-sd', 'DAGS_FOLDER/data_piplines_book/chapter4/stocksense.py', '--cfg_path', '/tmp/tmpmx4s8g0a']
[2020-10-16 11:32:31,776] {base_task_runner.py:115} INFO - Job 384: Subtask fetch_pageviews [2020-10-16 11:32:31,775] {settings.py:213} INFO - settings.configure_orm(): Using pool settings. pool_size=5, max_overflow=10, pool_recycle=1800, pid=169283
[2020-10-16 11:32:31,864] {base_task_runner.py:115} INFO - Job 384: Subtask fetch_pageviews [2020-10-16 11:32:31,863] {__init__.py:51} INFO - Using executor LocalExecutor
[2020-10-16 11:32:32,063] {base_task_runner.py:115} INFO - Job 384: Subtask fetch_pageviews [2020-10-16 11:32:32,063] {dagbag.py:90} INFO - Filling up the DagBag from /usr/local/airflow/dags/data_piplines_book/chapter4/stocksense.py
[2020-10-16 11:32:32,081] {base_task_runner.py:115} INFO - Job 384: Subtask fetch_pageviews [2020-10-16 11:32:32,081] {cli.py:516} INFO - Running <TaskInstance: stocksense.fetch_pageviews 2020-09-19T09:00:00+00:00 [running]> on host 5501f7880404
[2020-10-16 11:32:32,094] {python_operator.py:105} INFO - Exporting the following env vars:
AIRFLOW_CTX_DAG_ID=stocksense
AIRFLOW_CTX_TASK_ID=fetch_pageviews
AIRFLOW_CTX_EXECUTION_DATE=2020-09-19T09:00:00+00:00
AIRFLOW_CTX_DAG_RUN_ID=scheduled__2020-09-19T09:00:00+00:00
[2020-10-16 11:32:34,096] {python_operator.py:114} INFO - Done. Returned value was: None
[2020-10-16 11:32:36,418] {logging_mixin.py:95} INFO - [[34m2020-10-16 11:32:36,418[0m] {[34mlocal_task_job.py:[0m105} INFO[0m - Task exited with return code 0[0m
