[2020-10-16 11:35:33,687] {taskinstance.py:620} INFO - Dependencies all met for <TaskInstance: stocksense.get_data 2020-09-19T20:00:00+00:00 [queued]>
[2020-10-16 11:35:33,705] {taskinstance.py:620} INFO - Dependencies all met for <TaskInstance: stocksense.get_data 2020-09-19T20:00:00+00:00 [queued]>
[2020-10-16 11:35:33,705] {taskinstance.py:838} INFO - 
--------------------------------------------------------------------------------
[2020-10-16 11:35:33,705] {taskinstance.py:839} INFO - Starting attempt 1 of 1
[2020-10-16 11:35:33,705] {taskinstance.py:840} INFO - 
--------------------------------------------------------------------------------
[2020-10-16 11:35:33,714] {taskinstance.py:859} INFO - Executing <Task(PythonOperator): get_data> on 2020-09-19T20:00:00+00:00
[2020-10-16 11:35:33,714] {base_task_runner.py:133} INFO - Running: ['airflow', 'run', 'stocksense', 'get_data', '2020-09-19T20:00:00+00:00', '--job_id', '422', '--pool', 'default_pool', '--raw', '-sd', 'DAGS_FOLDER/data_piplines_book/chapter4/stocksense.py', '--cfg_path', '/tmp/tmp5fotb9_3']
[2020-10-16 11:35:34,075] {base_task_runner.py:115} INFO - Job 422: Subtask get_data [2020-10-16 11:35:34,075] {settings.py:213} INFO - settings.configure_orm(): Using pool settings. pool_size=5, max_overflow=10, pool_recycle=1800, pid=171767
[2020-10-16 11:35:34,167] {base_task_runner.py:115} INFO - Job 422: Subtask get_data [2020-10-16 11:35:34,166] {__init__.py:51} INFO - Using executor LocalExecutor
[2020-10-16 11:35:34,423] {base_task_runner.py:115} INFO - Job 422: Subtask get_data [2020-10-16 11:35:34,423] {dagbag.py:90} INFO - Filling up the DagBag from /usr/local/airflow/dags/data_piplines_book/chapter4/stocksense.py
[2020-10-16 11:35:34,443] {base_task_runner.py:115} INFO - Job 422: Subtask get_data [2020-10-16 11:35:34,443] {cli.py:516} INFO - Running <TaskInstance: stocksense.get_data 2020-09-19T20:00:00+00:00 [running]> on host 5501f7880404
[2020-10-16 11:35:34,457] {python_operator.py:105} INFO - Exporting the following env vars:
AIRFLOW_CTX_DAG_ID=stocksense
AIRFLOW_CTX_TASK_ID=get_data
AIRFLOW_CTX_EXECUTION_DATE=2020-09-19T20:00:00+00:00
AIRFLOW_CTX_DAG_RUN_ID=scheduled__2020-09-19T20:00:00+00:00
[2020-10-16 11:35:48,551] {python_operator.py:114} INFO - Done. Returned value was: None
[2020-10-16 11:35:48,691] {logging_mixin.py:95} INFO - [[34m2020-10-16 11:35:48,691[0m] {[34mlocal_task_job.py:[0m172} WARNING[0m - State of this instance has been externally set to [1msuccess[0m. Taking the poison pill.[0m
[2020-10-16 11:35:48,692] {helpers.py:307} INFO - Sending Signals.SIGTERM to GPID 171767
[2020-10-16 11:35:48,696] {helpers.py:285} INFO - Process psutil.Process(pid=171767, status='terminated', exitcode=<Negsignal.SIGTERM: -15>, started='11:35:33') (171767) terminated with exit code Negsignal.SIGTERM
[2020-10-16 11:35:48,696] {logging_mixin.py:95} INFO - [[34m2020-10-16 11:35:48,696[0m] {[34mlocal_task_job.py:[0m105} INFO[0m - Task exited with return code 0[0m
