[2020-10-16 12:07:57,586] {taskinstance.py:620} INFO - Dependencies all met for <TaskInstance: stocksense.get_data 2020-09-24T10:00:00+00:00 [queued]>
[2020-10-16 12:07:57,602] {taskinstance.py:620} INFO - Dependencies all met for <TaskInstance: stocksense.get_data 2020-09-24T10:00:00+00:00 [queued]>
[2020-10-16 12:07:57,602] {taskinstance.py:838} INFO - 
--------------------------------------------------------------------------------
[2020-10-16 12:07:57,602] {taskinstance.py:839} INFO - Starting attempt 1 of 1
[2020-10-16 12:07:57,602] {taskinstance.py:840} INFO - 
--------------------------------------------------------------------------------
[2020-10-16 12:07:57,611] {taskinstance.py:859} INFO - Executing <Task(PythonOperator): get_data> on 2020-09-24T10:00:00+00:00
[2020-10-16 12:07:57,611] {base_task_runner.py:133} INFO - Running: ['airflow', 'run', 'stocksense', 'get_data', '2020-09-24T10:00:00+00:00', '--job_id', '864', '--pool', 'default_pool', '--raw', '-sd', 'DAGS_FOLDER/data_piplines_book/chapter4/stocksense.py', '--cfg_path', '/tmp/tmp09ao10rn']
[2020-10-16 12:07:57,977] {base_task_runner.py:115} INFO - Job 864: Subtask get_data [2020-10-16 12:07:57,977] {settings.py:213} INFO - settings.configure_orm(): Using pool settings. pool_size=5, max_overflow=10, pool_recycle=1800, pid=198760
[2020-10-16 12:07:58,071] {base_task_runner.py:115} INFO - Job 864: Subtask get_data [2020-10-16 12:07:58,070] {__init__.py:51} INFO - Using executor LocalExecutor
[2020-10-16 12:07:58,329] {base_task_runner.py:115} INFO - Job 864: Subtask get_data [2020-10-16 12:07:58,329] {dagbag.py:90} INFO - Filling up the DagBag from /usr/local/airflow/dags/data_piplines_book/chapter4/stocksense.py
[2020-10-16 12:07:58,350] {base_task_runner.py:115} INFO - Job 864: Subtask get_data [2020-10-16 12:07:58,350] {cli.py:516} INFO - Running <TaskInstance: stocksense.get_data 2020-09-24T10:00:00+00:00 [running]> on host 5501f7880404
[2020-10-16 12:07:58,364] {python_operator.py:105} INFO - Exporting the following env vars:
AIRFLOW_CTX_DAG_ID=stocksense
AIRFLOW_CTX_TASK_ID=get_data
AIRFLOW_CTX_EXECUTION_DATE=2020-09-24T10:00:00+00:00
AIRFLOW_CTX_DAG_RUN_ID=scheduled__2020-09-24T10:00:00+00:00
[2020-10-16 12:08:11,789] {python_operator.py:114} INFO - Done. Returned value was: None
[2020-10-16 12:08:12,618] {logging_mixin.py:95} INFO - [[34m2020-10-16 12:08:12,617[0m] {[34mlocal_task_job.py:[0m105} INFO[0m - Task exited with return code 0[0m
