[2020-09-20 17:23:44 +0000] [18] [INFO] Starting gunicorn 19.10.0
[2020-09-20 17:23:44 +0000] [18] [INFO] Listening at: http://0.0.0.0:8080 (18)
[2020-09-20 17:23:44 +0000] [18] [INFO] Using worker: sync
[2020-09-20 17:23:44 +0000] [21] [INFO] Booting worker with pid: 21
[2020-09-20 17:23:44 +0000] [22] [INFO] Booting worker with pid: 22
[2020-09-20 17:23:44 +0000] [26] [INFO] Booting worker with pid: 26
[2020-09-20 17:23:44 +0000] [27] [INFO] Booting worker with pid: 27
[2020-09-20 17:24:16 +0000] [18] [INFO] Handling signal: ttin
[2020-09-20 17:24:16 +0000] [37] [INFO] Booting worker with pid: 37
[2020-09-20 17:24:17 +0000] [18] [INFO] Handling signal: ttou
[2020-09-20 17:24:17 +0000] [21] [INFO] Worker exiting (pid: 21)
[2020-09-20 17:24:47 +0000] [18] [INFO] Handling signal: ttin
[2020-09-20 17:24:47 +0000] [41] [INFO] Booting worker with pid: 41
[2020-09-20 17:24:48 +0000] [18] [INFO] Handling signal: ttou
[2020-09-20 17:24:48 +0000] [22] [INFO] Worker exiting (pid: 22)
[2020-09-20 17:25:19 +0000] [18] [INFO] Handling signal: ttin
[2020-09-20 17:25:19 +0000] [45] [INFO] Booting worker with pid: 45
[2020-09-20 17:25:20 +0000] [18] [INFO] Handling signal: ttou
[2020-09-20 17:25:20 +0000] [26] [INFO] Worker exiting (pid: 26)
[2020-09-20 17:25:50 +0000] [18] [INFO] Handling signal: ttin
[2020-09-20 17:25:50 +0000] [49] [INFO] Booting worker with pid: 49
[2020-09-20 17:25:51 +0000] [18] [INFO] Handling signal: ttou
[2020-09-20 17:25:51 +0000] [27] [INFO] Worker exiting (pid: 27)
[2020-09-20 17:26:21 +0000] [18] [INFO] Handling signal: ttin
[2020-09-20 17:26:21 +0000] [53] [INFO] Booting worker with pid: 53
[2020-09-20 17:26:23 +0000] [18] [INFO] Handling signal: ttou
[2020-09-20 17:26:23 +0000] [37] [INFO] Worker exiting (pid: 37)
[2020-09-20 17:26:53 +0000] [18] [INFO] Handling signal: ttin
[2020-09-20 17:26:53 +0000] [57] [INFO] Booting worker with pid: 57
[2020-09-20 17:26:53 +0000] [61] [INFO] Booting worker with pid: 61
[2020-09-20 17:26:54 +0000] [65] [INFO] Booting worker with pid: 65
[2020-09-20 17:26:54 +0000] [69] [INFO] Booting worker with pid: 69
[2020-09-20 17:26:55 +0000] [73] [INFO] Booting worker with pid: 73
[2020-09-20 17:26:55 +0000] [77] [INFO] Booting worker with pid: 77
[2020-09-20 17:26:56 +0000] [81] [INFO] Booting worker with pid: 81
[2020-09-20 17:26:56 +0000] [85] [INFO] Booting worker with pid: 85
[2020-09-20 17:26:57 +0000] [89] [INFO] Booting worker with pid: 89
[2020-09-20 17:26:57 +0000] [93] [INFO] Booting worker with pid: 93
[2020-09-20 17:26:58 +0000] [97] [INFO] Booting worker with pid: 97
[2020-09-20 17:26:58 +0000] [101] [INFO] Booting worker with pid: 101
[2020-09-20 17:26:59 +0000] [105] [INFO] Booting worker with pid: 105
[2020-09-20 17:26:59 +0000] [109] [INFO] Booting worker with pid: 109
[2020-09-20 17:27:00 +0000] [113] [INFO] Booting worker with pid: 113
[2020-09-20 17:27:00 +0000] [117] [INFO] Booting worker with pid: 117
[2020-09-20 17:27:01 +0000] [121] [INFO] Booting worker with pid: 121
[2020-09-20 17:27:01 +0000] [125] [INFO] Booting worker with pid: 125
[2020-09-20 17:27:02 +0000] [129] [INFO] Booting worker with pid: 129
[2020-09-20 17:27:02 +0000] [133] [INFO] Booting worker with pid: 133
[2020-09-20 17:27:03 +0000] [137] [INFO] Booting worker with pid: 137
[2020-09-20 17:27:03 +0000] [141] [INFO] Booting worker with pid: 141
[2020-09-20 17:27:04 +0000] [145] [INFO] Booting worker with pid: 145
[2020-09-20 17:27:04 +0000] [149] [INFO] Booting worker with pid: 149
[2020-09-20 17:27:05 +0000] [153] [INFO] Booting worker with pid: 153
[2020-09-20 17:27:05 +0000] [157] [INFO] Booting worker with pid: 157
[2020-09-20 17:27:05 +0000] [161] [INFO] Booting worker with pid: 161
[2020-09-20 17:27:06 +0000] [165] [INFO] Booting worker with pid: 165
[2020-09-20 17:27:06 +0000] [169] [INFO] Booting worker with pid: 169
[2020-09-20 17:27:07 +0000] [173] [INFO] Booting worker with pid: 173
[2020-09-20 17:27:07 +0000] [177] [INFO] Booting worker with pid: 177
[2020-09-20 17:27:08 +0000] [181] [INFO] Booting worker with pid: 181
[2020-09-20 17:27:08 +0000] [185] [INFO] Booting worker with pid: 185
[2020-09-20 17:27:09 +0000] [189] [INFO] Booting worker with pid: 189
[2020-09-20 17:27:09 +0000] [193] [INFO] Booting worker with pid: 193
[2020-09-20 17:27:10 +0000] [197] [INFO] Booting worker with pid: 197
[2020-09-20 17:27:10 +0000] [201] [INFO] Booting worker with pid: 201
[2020-09-20 17:27:11 +0000] [205] [INFO] Booting worker with pid: 205
[2020-09-20 17:27:11 +0000] [209] [INFO] Booting worker with pid: 209
[2020-09-20 17:27:12 +0000] [213] [INFO] Booting worker with pid: 213
[2020-09-20 17:27:12 +0000] [217] [INFO] Booting worker with pid: 217
[2020-09-20 17:27:13 +0000] [221] [INFO] Booting worker with pid: 221
[2020-09-20 17:27:13 +0000] [225] [INFO] Booting worker with pid: 225
[2020-09-20 17:27:14 +0000] [229] [INFO] Booting worker with pid: 229
[2020-09-20 17:27:14 +0000] [233] [INFO] Booting worker with pid: 233
[2020-09-20 17:27:15 +0000] [237] [INFO] Booting worker with pid: 237
[2020-09-20 17:27:15 +0000] [241] [INFO] Booting worker with pid: 241
[2020-09-20 17:27:16 +0000] [245] [INFO] Booting worker with pid: 245
[2020-09-20 17:27:16 +0000] [249] [INFO] Booting worker with pid: 249
[2020-09-20 17:27:17 +0000] [253] [INFO] Booting worker with pid: 253
[2020-09-20 17:27:17 +0000] [257] [INFO] Booting worker with pid: 257
[2020-09-20 17:27:18 +0000] [261] [INFO] Booting worker with pid: 261
[2020-09-20 17:27:18 +0000] [265] [INFO] Booting worker with pid: 265
[2020-09-20 17:27:19 +0000] [269] [INFO] Booting worker with pid: 269
[2020-09-20 17:27:19 +0000] [273] [INFO] Booting worker with pid: 273
[2020-09-20 17:27:20 +0000] [277] [INFO] Booting worker with pid: 277
[2020-09-20 17:27:20 +0000] [281] [INFO] Booting worker with pid: 281
[2020-09-20 17:27:21 +0000] [285] [INFO] Booting worker with pid: 285
[2020-09-20 17:27:21 +0000] [289] [INFO] Booting worker with pid: 289
[2020-09-20 17:27:22 +0000] [293] [INFO] Booting worker with pid: 293
[2020-09-20 17:27:22 +0000] [297] [INFO] Booting worker with pid: 297
[2020-09-20 17:27:23 +0000] [301] [INFO] Booting worker with pid: 301
[2020-09-20 17:27:23 +0000] [305] [INFO] Booting worker with pid: 305
[2020-09-20 17:27:24 +0000] [309] [INFO] Booting worker with pid: 309
[2020-09-20 17:27:24 +0000] [313] [INFO] Booting worker with pid: 313
[2020-09-20 17:27:25 +0000] [317] [INFO] Booting worker with pid: 317
[2020-09-20 17:27:25 +0000] [321] [INFO] Booting worker with pid: 321
[2020-09-20 17:27:26 +0000] [325] [INFO] Booting worker with pid: 325
[2020-09-20 17:27:26 +0000] [329] [INFO] Booting worker with pid: 329
[2020-09-20 17:27:27 +0000] [333] [INFO] Booting worker with pid: 333
[2020-09-20 17:27:27 +0000] [337] [INFO] Booting worker with pid: 337
[2020-09-20 17:27:28 +0000] [341] [INFO] Booting worker with pid: 341
[2020-09-20 17:27:28 +0000] [345] [INFO] Booting worker with pid: 345
[2020-09-20 17:27:29 +0000] [349] [INFO] Booting worker with pid: 349
[2020-09-20 17:27:29 +0000] [353] [INFO] Booting worker with pid: 353
[2020-09-20 17:27:30 +0000] [357] [INFO] Booting worker with pid: 357
[2020-09-20 17:27:30 +0000] [361] [INFO] Booting worker with pid: 361
[2020-09-20 17:27:31 +0000] [365] [INFO] Booting worker with pid: 365
[2020-09-20 17:27:31 +0000] [369] [INFO] Booting worker with pid: 369
[2020-09-20 17:27:32 +0000] [373] [INFO] Booting worker with pid: 373
[2020-09-20 17:27:32 +0000] [377] [INFO] Booting worker with pid: 377
[2020-09-20 17:27:32 +0000] [381] [INFO] Booting worker with pid: 381
[2020-09-20 17:27:33 +0000] [385] [INFO] Booting worker with pid: 385
[2020-09-20 17:27:33 +0000] [389] [INFO] Booting worker with pid: 389
[2020-09-20 17:27:34 +0000] [393] [INFO] Booting worker with pid: 393
[2020-09-20 17:27:34 +0000] [397] [INFO] Booting worker with pid: 397
[2020-09-20 17:27:35 +0000] [401] [INFO] Booting worker with pid: 401
[2020-09-20 17:27:35 +0000] [405] [INFO] Booting worker with pid: 405
[2020-09-20 17:27:36 +0000] [409] [INFO] Booting worker with pid: 409
[2020-09-20 17:27:36 +0000] [413] [INFO] Booting worker with pid: 413
[2020-09-20 17:27:37 +0000] [417] [INFO] Booting worker with pid: 417
[2020-09-20 17:27:37 +0000] [421] [INFO] Booting worker with pid: 421
[2020-09-20 17:27:38 +0000] [425] [INFO] Booting worker with pid: 425
[2020-09-20 17:27:38 +0000] [429] [INFO] Booting worker with pid: 429
[2020-09-20 17:27:39 +0000] [433] [INFO] Booting worker with pid: 433
[2020-09-20 17:27:39 +0000] [437] [INFO] Booting worker with pid: 437
[2020-09-20 17:27:40 +0000] [441] [INFO] Booting worker with pid: 441
[2020-09-20 17:27:40 +0000] [445] [INFO] Booting worker with pid: 445
[2020-09-20 17:27:41 +0000] [449] [INFO] Booting worker with pid: 449
[2020-09-20 17:27:41 +0000] [453] [INFO] Booting worker with pid: 453
[2020-09-20 17:27:42 +0000] [457] [INFO] Booting worker with pid: 457
[2020-09-20 17:27:42 +0000] [461] [INFO] Booting worker with pid: 461
[2020-09-20 17:27:43 +0000] [465] [INFO] Booting worker with pid: 465
[2020-09-20 17:27:43 +0000] [469] [INFO] Booting worker with pid: 469
[2020-09-20 17:27:44 +0000] [473] [INFO] Booting worker with pid: 473
[2020-09-20 17:27:44 +0000] [477] [INFO] Booting worker with pid: 477
[2020-09-20 17:27:45 +0000] [481] [INFO] Booting worker with pid: 481
[2020-09-20 17:27:45 +0000] [485] [INFO] Booting worker with pid: 485
[2020-09-20 17:27:46 +0000] [489] [INFO] Booting worker with pid: 489
[2020-09-20 17:27:46 +0000] [493] [INFO] Booting worker with pid: 493
[2020-09-20 17:27:47 +0000] [497] [INFO] Booting worker with pid: 497
[2020-09-20 17:27:47 +0000] [501] [INFO] Booting worker with pid: 501
[2020-09-20 17:27:48 +0000] [505] [INFO] Booting worker with pid: 505
[2020-09-20 17:27:48 +0000] [509] [INFO] Booting worker with pid: 509
[2020-09-20 17:27:49 +0000] [513] [INFO] Booting worker with pid: 513
[2020-09-20 17:27:49 +0000] [517] [INFO] Booting worker with pid: 517
[2020-09-20 17:27:50 +0000] [521] [INFO] Booting worker with pid: 521
[2020-09-20 17:27:50 +0000] [525] [INFO] Booting worker with pid: 525
[2020-09-20 17:27:51 +0000] [529] [INFO] Booting worker with pid: 529
[2020-09-20 17:27:51 +0000] [533] [INFO] Booting worker with pid: 533
[2020-09-20 17:27:52 +0000] [537] [INFO] Booting worker with pid: 537
[2020-09-20 17:27:52 +0000] [541] [INFO] Booting worker with pid: 541
[2020-09-20 17:27:53 +0000] [545] [INFO] Booting worker with pid: 545
[2020-09-20 17:27:53 +0000] [549] [INFO] Booting worker with pid: 549
[2020-09-20 17:27:54 +0000] [553] [INFO] Booting worker with pid: 553
[2020-09-20 17:27:54 +0000] [557] [INFO] Booting worker with pid: 557
[2020-09-20 17:27:54 +0000] [561] [INFO] Booting worker with pid: 561
[2020-09-20 17:27:55 +0000] [565] [INFO] Booting worker with pid: 565
[2020-09-20 17:27:55 +0000] [569] [INFO] Booting worker with pid: 569
[2020-09-20 17:27:56 +0000] [573] [INFO] Booting worker with pid: 573
[2020-09-20 17:27:56 +0000] [577] [INFO] Booting worker with pid: 577
[2020-09-20 17:27:57 +0000] [581] [INFO] Booting worker with pid: 581
[2020-09-20 17:27:57 +0000] [585] [INFO] Booting worker with pid: 585
[2020-09-20 17:27:58 +0000] [589] [INFO] Booting worker with pid: 589
[2020-09-20 17:27:58 +0000] [593] [INFO] Booting worker with pid: 593
[2020-09-20 17:27:59 +0000] [597] [INFO] Booting worker with pid: 597
[2020-09-20 17:27:59 +0000] [601] [INFO] Booting worker with pid: 601
[2020-09-20 17:28:00 +0000] [605] [INFO] Booting worker with pid: 605
[2020-09-20 17:28:00 +0000] [609] [INFO] Booting worker with pid: 609
[2020-09-20 17:28:01 +0000] [613] [INFO] Booting worker with pid: 613
[2020-09-20 17:28:01 +0000] [617] [INFO] Booting worker with pid: 617
[2020-09-20 17:28:02 +0000] [621] [INFO] Booting worker with pid: 621
[2020-09-20 17:28:02 +0000] [625] [INFO] Booting worker with pid: 625
[2020-09-20 17:28:03 +0000] [629] [INFO] Booting worker with pid: 629
[2020-09-20 17:28:03 +0000] [633] [INFO] Booting worker with pid: 633
[2020-09-20 17:28:04 +0000] [637] [INFO] Booting worker with pid: 637
[2020-09-20 17:28:04 +0000] [641] [INFO] Booting worker with pid: 641
[2020-09-20 17:28:05 +0000] [645] [INFO] Booting worker with pid: 645
[2020-09-20 17:28:05 +0000] [649] [INFO] Booting worker with pid: 649
[2020-09-20 17:28:06 +0000] [653] [INFO] Booting worker with pid: 653
[2020-09-20 17:28:06 +0000] [657] [INFO] Booting worker with pid: 657
[2020-09-20 17:28:07 +0000] [661] [INFO] Booting worker with pid: 661
[2020-09-20 17:28:07 +0000] [665] [INFO] Booting worker with pid: 665
[2020-09-20 17:28:08 +0000] [669] [INFO] Booting worker with pid: 669
[2020-09-20 17:28:08 +0000] [673] [INFO] Booting worker with pid: 673
[2020-09-20 17:28:09 +0000] [677] [INFO] Booting worker with pid: 677
[2020-09-20 17:28:09 +0000] [681] [INFO] Booting worker with pid: 681
[2020-09-20 17:28:10 +0000] [685] [INFO] Booting worker with pid: 685
[2020-09-20 17:28:10 +0000] [689] [INFO] Booting worker with pid: 689
[2020-09-20 17:28:11 +0000] [693] [INFO] Booting worker with pid: 693
[2020-09-20 17:28:11 +0000] [697] [INFO] Booting worker with pid: 697
[2020-09-20 17:28:12 +0000] [701] [INFO] Booting worker with pid: 701
[2020-09-20 17:28:12 +0000] [705] [INFO] Booting worker with pid: 705
[2020-09-20 17:28:13 +0000] [709] [INFO] Booting worker with pid: 709
[2020-09-20 17:28:13 +0000] [713] [INFO] Booting worker with pid: 713
[2020-09-20 17:28:14 +0000] [717] [INFO] Booting worker with pid: 717
[2020-09-20 17:28:14 +0000] [721] [INFO] Booting worker with pid: 721
[2020-09-20 17:28:15 +0000] [725] [INFO] Booting worker with pid: 725
[2020-09-20 17:28:15 +0000] [729] [INFO] Booting worker with pid: 729
[2020-09-20 17:28:15 +0000] [733] [INFO] Booting worker with pid: 733
[2020-09-20 17:28:16 +0000] [737] [INFO] Booting worker with pid: 737
[2020-09-20 17:28:16 +0000] [741] [INFO] Booting worker with pid: 741
[2020-09-20 17:28:17 +0000] [745] [INFO] Booting worker with pid: 745
[2020-09-20 17:28:17 +0000] [749] [INFO] Booting worker with pid: 749
[2020-09-20 17:28:18 +0000] [753] [INFO] Booting worker with pid: 753
[2020-09-20 17:28:18 +0000] [757] [INFO] Booting worker with pid: 757
[2020-09-20 17:28:19 +0000] [761] [INFO] Booting worker with pid: 761
[2020-09-20 17:28:19 +0000] [765] [INFO] Booting worker with pid: 765
[2020-09-20 17:28:20 +0000] [769] [INFO] Booting worker with pid: 769
[2020-09-20 17:28:20 +0000] [773] [INFO] Booting worker with pid: 773
[2020-09-20 17:28:21 +0000] [777] [INFO] Booting worker with pid: 777
[2020-09-20 17:28:21 +0000] [781] [INFO] Booting worker with pid: 781
[2020-09-20 17:28:22 +0000] [785] [INFO] Booting worker with pid: 785
[2020-09-20 17:28:22 +0000] [789] [INFO] Booting worker with pid: 789
[2020-09-20 17:28:23 +0000] [793] [INFO] Booting worker with pid: 793
[2020-09-20 17:28:23 +0000] [797] [INFO] Booting worker with pid: 797
[2020-09-20 17:28:24 +0000] [801] [INFO] Booting worker with pid: 801
[2020-09-20 17:28:24 +0000] [805] [INFO] Booting worker with pid: 805
[2020-09-20 17:28:25 +0000] [809] [INFO] Booting worker with pid: 809
[2020-09-20 17:28:25 +0000] [813] [INFO] Booting worker with pid: 813
[2020-09-20 17:28:26 +0000] [817] [INFO] Booting worker with pid: 817
[2020-09-20 17:28:26 +0000] [821] [INFO] Booting worker with pid: 821
[2020-09-20 17:28:27 +0000] [825] [INFO] Booting worker with pid: 825
[2020-09-20 17:28:27 +0000] [829] [INFO] Booting worker with pid: 829
[2020-09-20 17:28:28 +0000] [833] [INFO] Booting worker with pid: 833
[2020-09-20 17:28:28 +0000] [837] [INFO] Booting worker with pid: 837
[2020-09-20 17:28:28 +0000] [841] [INFO] Booting worker with pid: 841
[2020-09-20 17:28:29 +0000] [845] [INFO] Booting worker with pid: 845
[2020-09-20 17:28:29 +0000] [849] [INFO] Booting worker with pid: 849
[2020-09-20 17:28:30 +0000] [853] [INFO] Booting worker with pid: 853
[2020-09-20 17:28:30 +0000] [857] [INFO] Booting worker with pid: 857
[2020-09-20 17:28:31 +0000] [861] [INFO] Booting worker with pid: 861
[2020-09-20 17:28:31 +0000] [865] [INFO] Booting worker with pid: 865
[2020-09-20 17:28:32 +0000] [869] [INFO] Booting worker with pid: 869
[2020-09-20 17:28:32 +0000] [873] [INFO] Booting worker with pid: 873
[2020-09-20 17:28:33 +0000] [877] [INFO] Booting worker with pid: 877
[2020-09-20 17:28:33 +0000] [881] [INFO] Booting worker with pid: 881
[2020-09-20 17:28:34 +0000] [885] [INFO] Booting worker with pid: 885
[2020-09-20 17:28:34 +0000] [889] [INFO] Booting worker with pid: 889
[2020-09-20 17:28:35 +0000] [893] [INFO] Booting worker with pid: 893
[2020-09-20 17:28:35 +0000] [897] [INFO] Booting worker with pid: 897
[2020-09-20 17:28:36 +0000] [901] [INFO] Booting worker with pid: 901
[2020-09-20 17:28:36 +0000] [905] [INFO] Booting worker with pid: 905
[2020-09-20 17:28:37 +0000] [909] [INFO] Booting worker with pid: 909
[2020-09-20 17:28:37 +0000] [913] [INFO] Booting worker with pid: 913
[2020-09-20 17:28:38 +0000] [917] [INFO] Booting worker with pid: 917
[2020-09-20 17:28:38 +0000] [921] [INFO] Booting worker with pid: 921
[2020-09-20 17:28:39 +0000] [925] [INFO] Booting worker with pid: 925
[2020-09-20 17:28:39 +0000] [929] [INFO] Booting worker with pid: 929
[2020-09-20 17:28:40 +0000] [933] [INFO] Booting worker with pid: 933
[2020-09-20 17:28:40 +0000] [937] [INFO] Booting worker with pid: 937
[2020-09-20 17:28:41 +0000] [941] [INFO] Booting worker with pid: 941
[2020-09-20 17:28:41 +0000] [945] [INFO] Booting worker with pid: 945
[2020-09-20 17:28:42 +0000] [949] [INFO] Booting worker with pid: 949
[2020-09-20 17:28:42 +0000] [953] [INFO] Booting worker with pid: 953
[2020-09-20 17:28:43 +0000] [957] [INFO] Booting worker with pid: 957
[2020-09-20 17:28:43 +0000] [961] [INFO] Booting worker with pid: 961
[2020-09-20 17:28:44 +0000] [965] [INFO] Booting worker with pid: 965
[2020-09-20 17:28:44 +0000] [969] [INFO] Booting worker with pid: 969
[2020-09-20 17:28:45 +0000] [973] [INFO] Booting worker with pid: 973
[2020-09-20 17:28:45 +0000] [977] [INFO] Booting worker with pid: 977
[2020-09-20 17:28:46 +0000] [981] [INFO] Booting worker with pid: 981
[2020-09-20 17:28:46 +0000] [985] [INFO] Booting worker with pid: 985
[2020-09-20 17:28:46 +0000] [989] [INFO] Booting worker with pid: 989
[2020-09-20 17:28:47 +0000] [993] [INFO] Booting worker with pid: 993
[2020-09-20 17:28:47 +0000] [997] [INFO] Booting worker with pid: 997
[2020-09-20 17:28:48 +0000] [1001] [INFO] Booting worker with pid: 1001
[2020-09-20 17:28:48 +0000] [1005] [INFO] Booting worker with pid: 1005
[2020-09-20 17:28:49 +0000] [1009] [INFO] Booting worker with pid: 1009
[2020-09-20 17:28:49 +0000] [1013] [INFO] Booting worker with pid: 1013
[2020-09-20 17:28:50 +0000] [1017] [INFO] Booting worker with pid: 1017
[2020-09-20 17:28:50 +0000] [1021] [INFO] Booting worker with pid: 1021
[2020-09-20 17:28:51 +0000] [1025] [INFO] Booting worker with pid: 1025
[2020-09-20 17:28:51 +0000] [1029] [INFO] Booting worker with pid: 1029
[2020-09-20 17:28:52 +0000] [1033] [INFO] Booting worker with pid: 1033
[2020-09-20 17:28:52 +0000] [1037] [INFO] Booting worker with pid: 1037
[2020-09-20 17:28:53 +0000] [1041] [INFO] Booting worker with pid: 1041
[2020-09-20 17:28:53 +0000] [1045] [INFO] Booting worker with pid: 1045
[2020-09-20 17:28:54 +0000] [1049] [INFO] Booting worker with pid: 1049
[2020-09-20 17:28:54 +0000] [1053] [INFO] Booting worker with pid: 1053
[2020-09-20 17:28:55 +0000] [1057] [INFO] Booting worker with pid: 1057
[2020-09-20 17:28:55 +0000] [1061] [INFO] Booting worker with pid: 1061
[2020-09-20 17:28:56 +0000] [1065] [INFO] Booting worker with pid: 1065
[2020-09-20 17:28:56 +0000] [1069] [INFO] Booting worker with pid: 1069
[2020-09-20 17:28:57 +0000] [1073] [INFO] Booting worker with pid: 1073
[2020-09-20 17:28:57 +0000] [1077] [INFO] Booting worker with pid: 1077
[2020-09-20 17:28:58 +0000] [1081] [INFO] Booting worker with pid: 1081
[2020-09-20 17:28:58 +0000] [1085] [INFO] Booting worker with pid: 1085
[2020-09-20 17:28:59 +0000] [1089] [INFO] Booting worker with pid: 1089
[2020-09-20 17:28:59 +0000] [1093] [INFO] Booting worker with pid: 1093
[2020-09-20 17:29:00 +0000] [1097] [INFO] Booting worker with pid: 1097
[2020-09-20 17:29:00 +0000] [1101] [INFO] Booting worker with pid: 1101
[2020-09-20 17:29:01 +0000] [1105] [INFO] Booting worker with pid: 1105
[2020-09-20 17:29:01 +0000] [1109] [INFO] Booting worker with pid: 1109
[2020-09-20 17:29:02 +0000] [1113] [INFO] Booting worker with pid: 1113
[2020-09-20 17:29:02 +0000] [1117] [INFO] Booting worker with pid: 1117
[2020-09-20 17:29:03 +0000] [1121] [INFO] Booting worker with pid: 1121
[2020-09-20 17:29:03 +0000] [1125] [INFO] Booting worker with pid: 1125
[2020-09-20 17:29:04 +0000] [1129] [INFO] Booting worker with pid: 1129
[2020-09-20 17:29:04 +0000] [1133] [INFO] Booting worker with pid: 1133
[2020-09-20 17:29:05 +0000] [1137] [INFO] Booting worker with pid: 1137
[2020-09-20 17:29:05 +0000] [1141] [INFO] Booting worker with pid: 1141
[2020-09-20 17:29:06 +0000] [1145] [INFO] Booting worker with pid: 1145
[2020-09-20 17:29:06 +0000] [1149] [INFO] Booting worker with pid: 1149
[2020-09-20 17:29:07 +0000] [1153] [INFO] Booting worker with pid: 1153
[2020-09-20 17:29:07 +0000] [1157] [INFO] Booting worker with pid: 1157
[2020-09-20 17:29:08 +0000] [1161] [INFO] Booting worker with pid: 1161
[2020-09-20 17:29:08 +0000] [1165] [INFO] Booting worker with pid: 1165
[2020-09-20 17:29:09 +0000] [1169] [INFO] Booting worker with pid: 1169
[2020-09-20 17:29:09 +0000] [1173] [INFO] Booting worker with pid: 1173
[2020-09-20 17:29:10 +0000] [1177] [INFO] Booting worker with pid: 1177
[2020-09-20 17:29:10 +0000] [1181] [INFO] Booting worker with pid: 1181
[2020-09-20 17:29:11 +0000] [1185] [INFO] Booting worker with pid: 1185
[2020-09-20 17:29:11 +0000] [1189] [INFO] Booting worker with pid: 1189
[2020-09-20 17:29:12 +0000] [1193] [INFO] Booting worker with pid: 1193
[2020-09-20 17:29:12 +0000] [1197] [INFO] Booting worker with pid: 1197
[2020-09-20 17:29:13 +0000] [1201] [INFO] Booting worker with pid: 1201
[2020-09-20 17:29:13 +0000] [1205] [INFO] Booting worker with pid: 1205
[2020-09-20 17:29:14 +0000] [1209] [INFO] Booting worker with pid: 1209
[2020-09-20 17:29:14 +0000] [1213] [INFO] Booting worker with pid: 1213
[2020-09-20 17:29:15 +0000] [1217] [INFO] Booting worker with pid: 1217
[2020-09-20 17:29:15 +0000] [1221] [INFO] Booting worker with pid: 1221
[2020-09-20 17:29:16 +0000] [1225] [INFO] Booting worker with pid: 1225
[2020-09-20 17:29:16 +0000] [1229] [INFO] Booting worker with pid: 1229
[2020-09-20 17:29:16 +0000] [1233] [INFO] Booting worker with pid: 1233
[2020-09-20 17:29:17 +0000] [1237] [INFO] Booting worker with pid: 1237
[2020-09-20 17:29:17 +0000] [1241] [INFO] Booting worker with pid: 1241
[2020-09-20 17:29:18 +0000] [1245] [INFO] Booting worker with pid: 1245
[2020-09-20 17:29:18 +0000] [1249] [INFO] Booting worker with pid: 1249
[2020-09-20 17:29:19 +0000] [1253] [INFO] Booting worker with pid: 1253
[2020-09-20 17:29:20 +0000] [1257] [INFO] Booting worker with pid: 1257
[2020-09-20 17:29:20 +0000] [1261] [INFO] Booting worker with pid: 1261
[2020-09-20 17:29:21 +0000] [1265] [INFO] Booting worker with pid: 1265
[2020-09-20 17:29:21 +0000] [1269] [INFO] Booting worker with pid: 1269
[2020-09-20 17:29:22 +0000] [1273] [INFO] Booting worker with pid: 1273
[2020-09-20 17:29:23 +0000] [1277] [INFO] Booting worker with pid: 1277
[2020-09-20 17:29:23 +0000] [1281] [INFO] Booting worker with pid: 1281
[2020-09-20 17:29:24 +0000] [1285] [INFO] Booting worker with pid: 1285
[2020-09-20 17:29:24 +0000] [1289] [INFO] Booting worker with pid: 1289
[2020-09-20 17:29:25 +0000] [1293] [INFO] Booting worker with pid: 1293
[2020-09-20 17:29:26 +0000] [1297] [INFO] Booting worker with pid: 1297
[2020-09-20 17:29:26 +0000] [1301] [INFO] Booting worker with pid: 1301
[2020-09-20 17:29:27 +0000] [1305] [INFO] Booting worker with pid: 1305
