[2020-10-16 11:49:44,500] {taskinstance.py:620} INFO - Dependencies all met for <TaskInstance: stocksense.get_data 2020-09-21T20:00:00+00:00 [queued]>
[2020-10-16 11:49:44,515] {taskinstance.py:620} INFO - Dependencies all met for <TaskInstance: stocksense.get_data 2020-09-21T20:00:00+00:00 [queued]>
[2020-10-16 11:49:44,515] {taskinstance.py:838} INFO - 
--------------------------------------------------------------------------------
[2020-10-16 11:49:44,515] {taskinstance.py:839} INFO - Starting attempt 1 of 1
[2020-10-16 11:49:44,515] {taskinstance.py:840} INFO - 
--------------------------------------------------------------------------------
[2020-10-16 11:49:44,524] {taskinstance.py:859} INFO - Executing <Task(PythonOperator): get_data> on 2020-09-21T20:00:00+00:00
[2020-10-16 11:49:44,524] {base_task_runner.py:133} INFO - Running: ['airflow', 'run', 'stocksense', 'get_data', '2020-09-21T20:00:00+00:00', '--job_id', '631', '--pool', 'default_pool', '--raw', '-sd', 'DAGS_FOLDER/data_piplines_book/chapter4/stocksense.py', '--cfg_path', '/tmp/tmpnlcwozw0']
[2020-10-16 11:49:44,870] {base_task_runner.py:115} INFO - Job 631: Subtask get_data [2020-10-16 11:49:44,870] {settings.py:213} INFO - settings.configure_orm(): Using pool settings. pool_size=5, max_overflow=10, pool_recycle=1800, pid=183859
[2020-10-16 11:49:44,959] {base_task_runner.py:115} INFO - Job 631: Subtask get_data [2020-10-16 11:49:44,959] {__init__.py:51} INFO - Using executor LocalExecutor
[2020-10-16 11:49:45,195] {base_task_runner.py:115} INFO - Job 631: Subtask get_data [2020-10-16 11:49:45,195] {dagbag.py:90} INFO - Filling up the DagBag from /usr/local/airflow/dags/data_piplines_book/chapter4/stocksense.py
[2020-10-16 11:49:45,215] {base_task_runner.py:115} INFO - Job 631: Subtask get_data [2020-10-16 11:49:45,215] {cli.py:516} INFO - Running <TaskInstance: stocksense.get_data 2020-09-21T20:00:00+00:00 [running]> on host 5501f7880404
[2020-10-16 11:49:45,230] {python_operator.py:105} INFO - Exporting the following env vars:
AIRFLOW_CTX_DAG_ID=stocksense
AIRFLOW_CTX_TASK_ID=get_data
AIRFLOW_CTX_EXECUTION_DATE=2020-09-21T20:00:00+00:00
AIRFLOW_CTX_DAG_RUN_ID=scheduled__2020-09-21T20:00:00+00:00
[2020-10-16 11:49:59,229] {python_operator.py:114} INFO - Done. Returned value was: None
[2020-10-16 11:49:59,537] {logging_mixin.py:95} INFO - [[34m2020-10-16 11:49:59,536[0m] {[34mlocal_task_job.py:[0m105} INFO[0m - Task exited with return code 0[0m
