[2020-10-16 11:37:35,829] {taskinstance.py:620} INFO - Dependencies all met for <TaskInstance: stocksense.extract_gz 2020-09-20T02:00:00+00:00 [queued]>
[2020-10-16 11:37:35,840] {taskinstance.py:620} INFO - Dependencies all met for <TaskInstance: stocksense.extract_gz 2020-09-20T02:00:00+00:00 [queued]>
[2020-10-16 11:37:35,840] {taskinstance.py:838} INFO - 
--------------------------------------------------------------------------------
[2020-10-16 11:37:35,840] {taskinstance.py:839} INFO - Starting attempt 1 of 1
[2020-10-16 11:37:35,840] {taskinstance.py:840} INFO - 
--------------------------------------------------------------------------------
[2020-10-16 11:37:35,846] {taskinstance.py:859} INFO - Executing <Task(BashOperator): extract_gz> on 2020-09-20T02:00:00+00:00
[2020-10-16 11:37:35,847] {base_task_runner.py:133} INFO - Running: ['airflow', 'run', 'stocksense', 'extract_gz', '2020-09-20T02:00:00+00:00', '--job_id', '467', '--pool', 'default_pool', '--raw', '-sd', 'DAGS_FOLDER/data_piplines_book/chapter4/stocksense.py', '--cfg_path', '/tmp/tmpo22eq_m4']
[2020-10-16 11:37:36,195] {base_task_runner.py:115} INFO - Job 467: Subtask extract_gz [2020-10-16 11:37:36,195] {settings.py:213} INFO - settings.configure_orm(): Using pool settings. pool_size=5, max_overflow=10, pool_recycle=1800, pid=173732
[2020-10-16 11:37:36,284] {base_task_runner.py:115} INFO - Job 467: Subtask extract_gz [2020-10-16 11:37:36,284] {__init__.py:51} INFO - Using executor LocalExecutor
[2020-10-16 11:37:36,555] {base_task_runner.py:115} INFO - Job 467: Subtask extract_gz [2020-10-16 11:37:36,554] {dagbag.py:90} INFO - Filling up the DagBag from /usr/local/airflow/dags/data_piplines_book/chapter4/stocksense.py
[2020-10-16 11:37:36,572] {base_task_runner.py:115} INFO - Job 467: Subtask extract_gz [2020-10-16 11:37:36,572] {cli.py:516} INFO - Running <TaskInstance: stocksense.extract_gz 2020-09-20T02:00:00+00:00 [running]> on host 5501f7880404
[2020-10-16 11:37:36,584] {bash_operator.py:81} INFO - Tmp dir root location: 
 /tmp
[2020-10-16 11:37:36,584] {bash_operator.py:91} INFO - Exporting the following env vars:
AIRFLOW_CTX_DAG_ID=stocksense
AIRFLOW_CTX_TASK_ID=extract_gz
AIRFLOW_CTX_EXECUTION_DATE=2020-09-20T02:00:00+00:00
AIRFLOW_CTX_DAG_RUN_ID=scheduled__2020-09-20T02:00:00+00:00
[2020-10-16 11:37:36,584] {bash_operator.py:105} INFO - Temporary script location: /tmp/airflowtmpfpg725pv/extract_gzxiau1jc5
[2020-10-16 11:37:36,584] {bash_operator.py:115} INFO - Running command: gunzip --force /tmp/wikipageviews/20200920T020000/wikipageviews.gz
[2020-10-16 11:37:36,588] {bash_operator.py:124} INFO - Output:
[2020-10-16 11:37:36,589] {bash_operator.py:128} INFO - bash: warning: setlocale: LC_ALL: cannot change locale (en_US.UTF-8)
[2020-10-16 11:37:37,237] {bash_operator.py:132} INFO - Command exited with return code 0
[2020-10-16 11:37:40,859] {logging_mixin.py:95} INFO - [[34m2020-10-16 11:37:40,858[0m] {[34mlocal_task_job.py:[0m105} INFO[0m - Task exited with return code 0[0m
