[2020-10-16 08:33:02,516] {taskinstance.py:620} INFO - Dependencies all met for <TaskInstance: download_rocket_launches.notify 2020-10-08T00:00:00+00:00 [queued]>
[2020-10-16 08:33:02,526] {taskinstance.py:620} INFO - Dependencies all met for <TaskInstance: download_rocket_launches.notify 2020-10-08T00:00:00+00:00 [queued]>
[2020-10-16 08:33:02,526] {taskinstance.py:838} INFO - 
--------------------------------------------------------------------------------
[2020-10-16 08:33:02,526] {taskinstance.py:839} INFO - Starting attempt 1 of 1
[2020-10-16 08:33:02,526] {taskinstance.py:840} INFO - 
--------------------------------------------------------------------------------
[2020-10-16 08:33:02,532] {taskinstance.py:859} INFO - Executing <Task(BashOperator): notify> on 2020-10-08T00:00:00+00:00
[2020-10-16 08:33:02,533] {base_task_runner.py:133} INFO - Running: ['airflow', 'run', 'download_rocket_launches', 'notify', '2020-10-08T00:00:00+00:00', '--job_id', '33', '--pool', 'default_pool', '--raw', '-sd', 'DAGS_FOLDER/data_piplines_book/chapter2/download_rocket_launches.py', '--cfg_path', '/tmp/tmpyds0suel']
[2020-10-16 08:33:02,897] {base_task_runner.py:115} INFO - Job 33: Subtask notify [2020-10-16 08:33:02,896] {settings.py:213} INFO - settings.configure_orm(): Using pool settings. pool_size=5, max_overflow=10, pool_recycle=1800, pid=56329
[2020-10-16 08:33:02,993] {base_task_runner.py:115} INFO - Job 33: Subtask notify [2020-10-16 08:33:02,993] {__init__.py:51} INFO - Using executor LocalExecutor
[2020-10-16 08:33:03,268] {base_task_runner.py:115} INFO - Job 33: Subtask notify [2020-10-16 08:33:03,268] {dagbag.py:90} INFO - Filling up the DagBag from /usr/local/airflow/dags/data_piplines_book/chapter2/download_rocket_launches.py
[2020-10-16 08:33:03,286] {base_task_runner.py:115} INFO - Job 33: Subtask notify [2020-10-16 08:33:03,286] {cli.py:516} INFO - Running <TaskInstance: download_rocket_launches.notify 2020-10-08T00:00:00+00:00 [running]> on host 5501f7880404
[2020-10-16 08:33:03,299] {bash_operator.py:81} INFO - Tmp dir root location: 
 /tmp
[2020-10-16 08:33:03,300] {bash_operator.py:91} INFO - Exporting the following env vars:
AIRFLOW_CTX_DAG_ID=download_rocket_launches
AIRFLOW_CTX_TASK_ID=notify
AIRFLOW_CTX_EXECUTION_DATE=2020-10-08T00:00:00+00:00
AIRFLOW_CTX_DAG_RUN_ID=scheduled__2020-10-08T00:00:00+00:00
[2020-10-16 08:33:03,300] {bash_operator.py:105} INFO - Temporary script location: /tmp/airflowtmp7tfccbqy/notifyljyilpur
[2020-10-16 08:33:03,300] {bash_operator.py:115} INFO - Running command: echo "There are now $(ls /tmp/images/ | wc -l) images."
[2020-10-16 08:33:03,303] {bash_operator.py:124} INFO - Output:
[2020-10-16 08:33:03,303] {bash_operator.py:128} INFO - bash: warning: setlocale: LC_ALL: cannot change locale (en_US.UTF-8)
[2020-10-16 08:33:03,304] {bash_operator.py:128} INFO - There are now 4 images.
[2020-10-16 08:33:03,305] {bash_operator.py:132} INFO - Command exited with return code 0
[2020-10-16 08:33:07,542] {logging_mixin.py:95} INFO - [[34m2020-10-16 08:33:07,541[0m] {[34mlocal_task_job.py:[0m105} INFO[0m - Task exited with return code 0[0m
