[2020-10-16 11:39:23,931] {taskinstance.py:620} INFO - Dependencies all met for <TaskInstance: stocksense.extract_gz 2020-09-20T09:00:00+00:00 [queued]>
[2020-10-16 11:39:23,941] {taskinstance.py:620} INFO - Dependencies all met for <TaskInstance: stocksense.extract_gz 2020-09-20T09:00:00+00:00 [queued]>
[2020-10-16 11:39:23,941] {taskinstance.py:838} INFO - 
--------------------------------------------------------------------------------
[2020-10-16 11:39:23,941] {taskinstance.py:839} INFO - Starting attempt 1 of 1
[2020-10-16 11:39:23,941] {taskinstance.py:840} INFO - 
--------------------------------------------------------------------------------
[2020-10-16 11:39:23,947] {taskinstance.py:859} INFO - Executing <Task(BashOperator): extract_gz> on 2020-09-20T09:00:00+00:00
[2020-10-16 11:39:23,947] {base_task_runner.py:133} INFO - Running: ['airflow', 'run', 'stocksense', 'extract_gz', '2020-09-20T09:00:00+00:00', '--job_id', '494', '--pool', 'default_pool', '--raw', '-sd', 'DAGS_FOLDER/data_piplines_book/chapter4/stocksense.py', '--cfg_path', '/tmp/tmpcw3g30u3']
[2020-10-16 11:39:24,305] {base_task_runner.py:115} INFO - Job 494: Subtask extract_gz [2020-10-16 11:39:24,305] {settings.py:213} INFO - settings.configure_orm(): Using pool settings. pool_size=5, max_overflow=10, pool_recycle=1800, pid=175292
[2020-10-16 11:39:24,396] {base_task_runner.py:115} INFO - Job 494: Subtask extract_gz [2020-10-16 11:39:24,396] {__init__.py:51} INFO - Using executor LocalExecutor
[2020-10-16 11:39:24,631] {base_task_runner.py:115} INFO - Job 494: Subtask extract_gz [2020-10-16 11:39:24,631] {dagbag.py:90} INFO - Filling up the DagBag from /usr/local/airflow/dags/data_piplines_book/chapter4/stocksense.py
[2020-10-16 11:39:24,651] {base_task_runner.py:115} INFO - Job 494: Subtask extract_gz [2020-10-16 11:39:24,650] {cli.py:516} INFO - Running <TaskInstance: stocksense.extract_gz 2020-09-20T09:00:00+00:00 [running]> on host 5501f7880404
[2020-10-16 11:39:24,664] {bash_operator.py:81} INFO - Tmp dir root location: 
 /tmp
[2020-10-16 11:39:24,664] {bash_operator.py:91} INFO - Exporting the following env vars:
AIRFLOW_CTX_DAG_ID=stocksense
AIRFLOW_CTX_TASK_ID=extract_gz
AIRFLOW_CTX_EXECUTION_DATE=2020-09-20T09:00:00+00:00
AIRFLOW_CTX_DAG_RUN_ID=scheduled__2020-09-20T09:00:00+00:00
[2020-10-16 11:39:24,664] {bash_operator.py:105} INFO - Temporary script location: /tmp/airflowtmpt1rfeijd/extract_gz7j9fa1ie
[2020-10-16 11:39:24,664] {bash_operator.py:115} INFO - Running command: gunzip --force /tmp/wikipageviews/20200920T090000/wikipageviews.gz
[2020-10-16 11:39:24,669] {bash_operator.py:124} INFO - Output:
[2020-10-16 11:39:24,669] {bash_operator.py:128} INFO - bash: warning: setlocale: LC_ALL: cannot change locale (en_US.UTF-8)
[2020-10-16 11:39:25,608] {bash_operator.py:132} INFO - Command exited with return code 0
[2020-10-16 11:39:28,956] {logging_mixin.py:95} INFO - [[34m2020-10-16 11:39:28,955[0m] {[34mlocal_task_job.py:[0m105} INFO[0m - Task exited with return code 0[0m
