[2020-10-16 12:05:07,358] {taskinstance.py:620} INFO - Dependencies all met for <TaskInstance: stocksense.write_to_postgres 2020-09-23T22:00:00+00:00 [queued]>
[2020-10-16 12:05:07,368] {taskinstance.py:620} INFO - Dependencies all met for <TaskInstance: stocksense.write_to_postgres 2020-09-23T22:00:00+00:00 [queued]>
[2020-10-16 12:05:07,368] {taskinstance.py:838} INFO - 
--------------------------------------------------------------------------------
[2020-10-16 12:05:07,368] {taskinstance.py:839} INFO - Starting attempt 1 of 1
[2020-10-16 12:05:07,368] {taskinstance.py:840} INFO - 
--------------------------------------------------------------------------------
[2020-10-16 12:05:07,374] {taskinstance.py:859} INFO - Executing <Task(PostgresOperator): write_to_postgres> on 2020-09-23T22:00:00+00:00
[2020-10-16 12:05:07,374] {base_task_runner.py:133} INFO - Running: ['airflow', 'run', 'stocksense', 'write_to_postgres', '2020-09-23T22:00:00+00:00', '--job_id', '822', '--pool', 'default_pool', '--raw', '-sd', 'DAGS_FOLDER/data_piplines_book/chapter4/stocksense.py', '--cfg_path', '/tmp/tmpkxwdlanx']
[2020-10-16 12:05:07,728] {base_task_runner.py:115} INFO - Job 822: Subtask write_to_postgres [2020-10-16 12:05:07,728] {settings.py:213} INFO - settings.configure_orm(): Using pool settings. pool_size=5, max_overflow=10, pool_recycle=1800, pid=196350
[2020-10-16 12:05:07,818] {base_task_runner.py:115} INFO - Job 822: Subtask write_to_postgres [2020-10-16 12:05:07,818] {__init__.py:51} INFO - Using executor LocalExecutor
[2020-10-16 12:05:08,017] {base_task_runner.py:115} INFO - Job 822: Subtask write_to_postgres [2020-10-16 12:05:08,016] {dagbag.py:90} INFO - Filling up the DagBag from /usr/local/airflow/dags/data_piplines_book/chapter4/stocksense.py
[2020-10-16 12:05:08,034] {base_task_runner.py:115} INFO - Job 822: Subtask write_to_postgres [2020-10-16 12:05:08,034] {cli.py:516} INFO - Running <TaskInstance: stocksense.write_to_postgres 2020-09-23T22:00:00+00:00 [running]> on host 5501f7880404
[2020-10-16 12:05:08,045] {taskinstance.py:1051} ERROR - /tmp/wikipageviews/20200921T160000/postgres_query-20200921T160000.sql
Traceback (most recent call last):
  File "/usr/local/lib/python3.7/site-packages/airflow/models/taskinstance.py", line 911, in _run_raw_task
    self.render_templates(context=context)
  File "/usr/local/lib/python3.7/site-packages/airflow/models/taskinstance.py", line 1268, in render_templates
    rendered_content = rt(attr, content, context)
  File "/usr/local/lib/python3.7/site-packages/airflow/models/baseoperator.py", line 678, in render_template
    return jinja_env.get_template(content).render(**context)
  File "/usr/local/lib/python3.7/site-packages/jinja2/environment.py", line 830, in get_template
    return self._load_template(name, self.make_globals(globals))
  File "/usr/local/lib/python3.7/site-packages/jinja2/environment.py", line 804, in _load_template
    template = self.loader.load(self, name, globals)
  File "/usr/local/lib/python3.7/site-packages/jinja2/loaders.py", line 113, in load
    source, filename, uptodate = self.get_source(environment, name)
  File "/usr/local/lib/python3.7/site-packages/jinja2/loaders.py", line 187, in get_source
    raise TemplateNotFound(template)
jinja2.exceptions.TemplateNotFound: /tmp/wikipageviews/20200921T160000/postgres_query-20200921T160000.sql
[2020-10-16 12:05:08,046] {taskinstance.py:1082} INFO - Marking task as FAILED.
[2020-10-16 12:05:08,056] {base_task_runner.py:115} INFO - Job 822: Subtask write_to_postgres Traceback (most recent call last):
[2020-10-16 12:05:08,056] {base_task_runner.py:115} INFO - Job 822: Subtask write_to_postgres   File "/usr/local/bin/airflow", line 32, in <module>
[2020-10-16 12:05:08,056] {base_task_runner.py:115} INFO - Job 822: Subtask write_to_postgres     args.func(args)
[2020-10-16 12:05:08,056] {base_task_runner.py:115} INFO - Job 822: Subtask write_to_postgres   File "/usr/local/lib/python3.7/site-packages/airflow/utils/cli.py", line 74, in wrapper
[2020-10-16 12:05:08,057] {base_task_runner.py:115} INFO - Job 822: Subtask write_to_postgres     return f(*args, **kwargs)
[2020-10-16 12:05:08,057] {base_task_runner.py:115} INFO - Job 822: Subtask write_to_postgres   File "/usr/local/lib/python3.7/site-packages/airflow/bin/cli.py", line 522, in run
[2020-10-16 12:05:08,057] {base_task_runner.py:115} INFO - Job 822: Subtask write_to_postgres     _run(args, dag, ti)
[2020-10-16 12:05:08,057] {base_task_runner.py:115} INFO - Job 822: Subtask write_to_postgres   File "/usr/local/lib/python3.7/site-packages/airflow/bin/cli.py", line 440, in _run
[2020-10-16 12:05:08,057] {base_task_runner.py:115} INFO - Job 822: Subtask write_to_postgres     pool=args.pool,
[2020-10-16 12:05:08,057] {base_task_runner.py:115} INFO - Job 822: Subtask write_to_postgres   File "/usr/local/lib/python3.7/site-packages/airflow/utils/db.py", line 74, in wrapper
[2020-10-16 12:05:08,057] {base_task_runner.py:115} INFO - Job 822: Subtask write_to_postgres     return func(*args, **kwargs)
[2020-10-16 12:05:08,057] {base_task_runner.py:115} INFO - Job 822: Subtask write_to_postgres   File "/usr/local/lib/python3.7/site-packages/airflow/models/taskinstance.py", line 911, in _run_raw_task
[2020-10-16 12:05:08,057] {base_task_runner.py:115} INFO - Job 822: Subtask write_to_postgres     self.render_templates(context=context)
[2020-10-16 12:05:08,057] {base_task_runner.py:115} INFO - Job 822: Subtask write_to_postgres   File "/usr/local/lib/python3.7/site-packages/airflow/models/taskinstance.py", line 1268, in render_templates
[2020-10-16 12:05:08,057] {base_task_runner.py:115} INFO - Job 822: Subtask write_to_postgres     rendered_content = rt(attr, content, context)
[2020-10-16 12:05:08,057] {base_task_runner.py:115} INFO - Job 822: Subtask write_to_postgres   File "/usr/local/lib/python3.7/site-packages/airflow/models/baseoperator.py", line 678, in render_template
[2020-10-16 12:05:08,057] {base_task_runner.py:115} INFO - Job 822: Subtask write_to_postgres     return jinja_env.get_template(content).render(**context)
[2020-10-16 12:05:08,057] {base_task_runner.py:115} INFO - Job 822: Subtask write_to_postgres   File "/usr/local/lib/python3.7/site-packages/jinja2/environment.py", line 830, in get_template
[2020-10-16 12:05:08,057] {base_task_runner.py:115} INFO - Job 822: Subtask write_to_postgres     return self._load_template(name, self.make_globals(globals))
[2020-10-16 12:05:08,057] {base_task_runner.py:115} INFO - Job 822: Subtask write_to_postgres   File "/usr/local/lib/python3.7/site-packages/jinja2/environment.py", line 804, in _load_template
[2020-10-16 12:05:08,057] {base_task_runner.py:115} INFO - Job 822: Subtask write_to_postgres     template = self.loader.load(self, name, globals)
[2020-10-16 12:05:08,057] {base_task_runner.py:115} INFO - Job 822: Subtask write_to_postgres   File "/usr/local/lib/python3.7/site-packages/jinja2/loaders.py", line 113, in load
[2020-10-16 12:05:08,057] {base_task_runner.py:115} INFO - Job 822: Subtask write_to_postgres     source, filename, uptodate = self.get_source(environment, name)
[2020-10-16 12:05:08,057] {base_task_runner.py:115} INFO - Job 822: Subtask write_to_postgres   File "/usr/local/lib/python3.7/site-packages/jinja2/loaders.py", line 187, in get_source
[2020-10-16 12:05:08,057] {base_task_runner.py:115} INFO - Job 822: Subtask write_to_postgres     raise TemplateNotFound(template)
[2020-10-16 12:05:08,057] {base_task_runner.py:115} INFO - Job 822: Subtask write_to_postgres jinja2.exceptions.TemplateNotFound: /tmp/wikipageviews/20200921T160000/postgres_query-20200921T160000.sql
[2020-10-16 12:05:12,354] {logging_mixin.py:95} INFO - [[34m2020-10-16 12:05:12,354[0m] {[34mlocal_task_job.py:[0m105} INFO[0m - Task exited with return code 1[0m
