[2020-10-16 12:08:17,528] {taskinstance.py:620} INFO - Dependencies all met for <TaskInstance: stocksense.extract_gz 2020-09-24T10:00:00+00:00 [queued]>
[2020-10-16 12:08:17,538] {taskinstance.py:620} INFO - Dependencies all met for <TaskInstance: stocksense.extract_gz 2020-09-24T10:00:00+00:00 [queued]>
[2020-10-16 12:08:17,538] {taskinstance.py:838} INFO - 
--------------------------------------------------------------------------------
[2020-10-16 12:08:17,538] {taskinstance.py:839} INFO - Starting attempt 1 of 1
[2020-10-16 12:08:17,539] {taskinstance.py:840} INFO - 
--------------------------------------------------------------------------------
[2020-10-16 12:08:17,544] {taskinstance.py:859} INFO - Executing <Task(BashOperator): extract_gz> on 2020-09-24T10:00:00+00:00
[2020-10-16 12:08:17,544] {base_task_runner.py:133} INFO - Running: ['airflow', 'run', 'stocksense', 'extract_gz', '2020-09-24T10:00:00+00:00', '--job_id', '867', '--pool', 'default_pool', '--raw', '-sd', 'DAGS_FOLDER/data_piplines_book/chapter4/stocksense.py', '--cfg_path', '/tmp/tmpa6gqmk7l']
[2020-10-16 12:08:17,895] {base_task_runner.py:115} INFO - Job 867: Subtask extract_gz [2020-10-16 12:08:17,895] {settings.py:213} INFO - settings.configure_orm(): Using pool settings. pool_size=5, max_overflow=10, pool_recycle=1800, pid=199035
[2020-10-16 12:08:17,989] {base_task_runner.py:115} INFO - Job 867: Subtask extract_gz [2020-10-16 12:08:17,988] {__init__.py:51} INFO - Using executor LocalExecutor
[2020-10-16 12:08:18,231] {base_task_runner.py:115} INFO - Job 867: Subtask extract_gz [2020-10-16 12:08:18,231] {dagbag.py:90} INFO - Filling up the DagBag from /usr/local/airflow/dags/data_piplines_book/chapter4/stocksense.py
[2020-10-16 12:08:18,249] {base_task_runner.py:115} INFO - Job 867: Subtask extract_gz [2020-10-16 12:08:18,248] {cli.py:516} INFO - Running <TaskInstance: stocksense.extract_gz 2020-09-24T10:00:00+00:00 [running]> on host 5501f7880404
[2020-10-16 12:08:18,260] {bash_operator.py:81} INFO - Tmp dir root location: 
 /tmp
[2020-10-16 12:08:18,260] {bash_operator.py:91} INFO - Exporting the following env vars:
AIRFLOW_CTX_DAG_ID=stocksense
AIRFLOW_CTX_TASK_ID=extract_gz
AIRFLOW_CTX_EXECUTION_DATE=2020-09-24T10:00:00+00:00
AIRFLOW_CTX_DAG_RUN_ID=scheduled__2020-09-24T10:00:00+00:00
[2020-10-16 12:08:18,261] {bash_operator.py:105} INFO - Temporary script location: /tmp/airflowtmpzr3q50v_/extract_gz3qf846ee
[2020-10-16 12:08:18,261] {bash_operator.py:115} INFO - Running command: gunzip --force /tmp/wikipageviews/20200924T100000/wikipageviews.gz
[2020-10-16 12:08:18,264] {bash_operator.py:124} INFO - Output:
[2020-10-16 12:08:18,264] {bash_operator.py:128} INFO - bash: warning: setlocale: LC_ALL: cannot change locale (en_US.UTF-8)
[2020-10-16 12:08:19,247] {bash_operator.py:132} INFO - Command exited with return code 0
[2020-10-16 12:08:22,523] {logging_mixin.py:95} INFO - [[34m2020-10-16 12:08:22,523[0m] {[34mlocal_task_job.py:[0m105} INFO[0m - Task exited with return code 0[0m
