[2020-10-16 11:35:01,595] {taskinstance.py:620} INFO - Dependencies all met for <TaskInstance: stocksense.fetch_pageviews 2020-09-19T17:00:00+00:00 [queued]>
[2020-10-16 11:35:01,606] {taskinstance.py:620} INFO - Dependencies all met for <TaskInstance: stocksense.fetch_pageviews 2020-09-19T17:00:00+00:00 [queued]>
[2020-10-16 11:35:01,606] {taskinstance.py:838} INFO - 
--------------------------------------------------------------------------------
[2020-10-16 11:35:01,606] {taskinstance.py:839} INFO - Starting attempt 1 of 1
[2020-10-16 11:35:01,606] {taskinstance.py:840} INFO - 
--------------------------------------------------------------------------------
[2020-10-16 11:35:01,613] {taskinstance.py:859} INFO - Executing <Task(PythonOperator): fetch_pageviews> on 2020-09-19T17:00:00+00:00
[2020-10-16 11:35:01,613] {base_task_runner.py:133} INFO - Running: ['airflow', 'run', 'stocksense', 'fetch_pageviews', '2020-09-19T17:00:00+00:00', '--job_id', '416', '--pool', 'default_pool', '--raw', '-sd', 'DAGS_FOLDER/data_piplines_book/chapter4/stocksense.py', '--cfg_path', '/tmp/tmps5wq7scw']
[2020-10-16 11:35:01,967] {base_task_runner.py:115} INFO - Job 416: Subtask fetch_pageviews [2020-10-16 11:35:01,967] {settings.py:213} INFO - settings.configure_orm(): Using pool settings. pool_size=5, max_overflow=10, pool_recycle=1800, pid=171333
[2020-10-16 11:35:02,057] {base_task_runner.py:115} INFO - Job 416: Subtask fetch_pageviews [2020-10-16 11:35:02,057] {__init__.py:51} INFO - Using executor LocalExecutor
[2020-10-16 11:35:02,270] {base_task_runner.py:115} INFO - Job 416: Subtask fetch_pageviews [2020-10-16 11:35:02,269] {dagbag.py:90} INFO - Filling up the DagBag from /usr/local/airflow/dags/data_piplines_book/chapter4/stocksense.py
[2020-10-16 11:35:02,288] {base_task_runner.py:115} INFO - Job 416: Subtask fetch_pageviews [2020-10-16 11:35:02,288] {cli.py:516} INFO - Running <TaskInstance: stocksense.fetch_pageviews 2020-09-19T17:00:00+00:00 [running]> on host 5501f7880404
[2020-10-16 11:35:02,299] {python_operator.py:105} INFO - Exporting the following env vars:
AIRFLOW_CTX_DAG_ID=stocksense
AIRFLOW_CTX_TASK_ID=fetch_pageviews
AIRFLOW_CTX_EXECUTION_DATE=2020-09-19T17:00:00+00:00
AIRFLOW_CTX_DAG_RUN_ID=scheduled__2020-09-19T17:00:00+00:00
[2020-10-16 11:35:04,656] {python_operator.py:114} INFO - Done. Returned value was: None
[2020-10-16 11:35:06,589] {logging_mixin.py:95} INFO - [[34m2020-10-16 11:35:06,589[0m] {[34mlocal_task_job.py:[0m105} INFO[0m - Task exited with return code 0[0m
