[2020-10-16 11:46:48,277] {taskinstance.py:620} INFO - Dependencies all met for <TaskInstance: stocksense.fetch_pageviews 2020-09-21T10:00:00+00:00 [queued]>
[2020-10-16 11:46:48,284] {taskinstance.py:620} INFO - Dependencies all met for <TaskInstance: stocksense.fetch_pageviews 2020-09-21T10:00:00+00:00 [queued]>
[2020-10-16 11:46:48,284] {taskinstance.py:838} INFO - 
--------------------------------------------------------------------------------
[2020-10-16 11:46:48,284] {taskinstance.py:839} INFO - Starting attempt 1 of 1
[2020-10-16 11:46:48,284] {taskinstance.py:840} INFO - 
--------------------------------------------------------------------------------
[2020-10-16 11:46:48,293] {taskinstance.py:859} INFO - Executing <Task(PythonOperator): fetch_pageviews> on 2020-09-21T10:00:00+00:00
[2020-10-16 11:46:48,293] {base_task_runner.py:133} INFO - Running: ['airflow', 'run', 'stocksense', 'fetch_pageviews', '2020-09-21T10:00:00+00:00', '--job_id', '581', '--pool', 'default_pool', '--raw', '-sd', 'DAGS_FOLDER/data_piplines_book/chapter4/stocksense.py', '--cfg_path', '/tmp/tmpwd9p9c2l']
[2020-10-16 11:46:48,634] {base_task_runner.py:115} INFO - Job 581: Subtask fetch_pageviews [2020-10-16 11:46:48,634] {settings.py:213} INFO - settings.configure_orm(): Using pool settings. pool_size=5, max_overflow=10, pool_recycle=1800, pid=181225
[2020-10-16 11:46:48,723] {base_task_runner.py:115} INFO - Job 581: Subtask fetch_pageviews [2020-10-16 11:46:48,723] {__init__.py:51} INFO - Using executor LocalExecutor
[2020-10-16 11:46:48,932] {base_task_runner.py:115} INFO - Job 581: Subtask fetch_pageviews [2020-10-16 11:46:48,931] {dagbag.py:90} INFO - Filling up the DagBag from /usr/local/airflow/dags/data_piplines_book/chapter4/stocksense.py
[2020-10-16 11:46:48,949] {base_task_runner.py:115} INFO - Job 581: Subtask fetch_pageviews [2020-10-16 11:46:48,949] {cli.py:516} INFO - Running <TaskInstance: stocksense.fetch_pageviews 2020-09-21T10:00:00+00:00 [running]> on host 5501f7880404
[2020-10-16 11:46:48,960] {python_operator.py:105} INFO - Exporting the following env vars:
AIRFLOW_CTX_DAG_ID=stocksense
AIRFLOW_CTX_TASK_ID=fetch_pageviews
AIRFLOW_CTX_EXECUTION_DATE=2020-09-21T10:00:00+00:00
AIRFLOW_CTX_DAG_RUN_ID=scheduled__2020-09-21T10:00:00+00:00
[2020-10-16 11:46:51,231] {python_operator.py:114} INFO - Done. Returned value was: None
[2020-10-16 11:46:53,304] {logging_mixin.py:95} INFO - [[34m2020-10-16 11:46:53,303[0m] {[34mlocal_task_job.py:[0m105} INFO[0m - Task exited with return code 0[0m
