[2020-10-16 08:32:54,573] {taskinstance.py:620} INFO - Dependencies all met for <TaskInstance: download_rocket_launches.get_pictures 2020-10-08T00:00:00+00:00 [queued]>
[2020-10-16 08:32:54,587] {taskinstance.py:620} INFO - Dependencies all met for <TaskInstance: download_rocket_launches.get_pictures 2020-10-08T00:00:00+00:00 [queued]>
[2020-10-16 08:32:54,587] {taskinstance.py:838} INFO - 
--------------------------------------------------------------------------------
[2020-10-16 08:32:54,587] {taskinstance.py:839} INFO - Starting attempt 1 of 1
[2020-10-16 08:32:54,587] {taskinstance.py:840} INFO - 
--------------------------------------------------------------------------------
[2020-10-16 08:32:54,596] {taskinstance.py:859} INFO - Executing <Task(PythonOperator): get_pictures> on 2020-10-08T00:00:00+00:00
[2020-10-16 08:32:54,596] {base_task_runner.py:133} INFO - Running: ['airflow', 'run', 'download_rocket_launches', 'get_pictures', '2020-10-08T00:00:00+00:00', '--job_id', '21', '--pool', 'default_pool', '--raw', '-sd', 'DAGS_FOLDER/data_piplines_book/chapter2/download_rocket_launches.py', '--cfg_path', '/tmp/tmp8smez1wj']
[2020-10-16 08:32:54,978] {base_task_runner.py:115} INFO - Job 21: Subtask get_pictures [2020-10-16 08:32:54,978] {settings.py:213} INFO - settings.configure_orm(): Using pool settings. pool_size=5, max_overflow=10, pool_recycle=1800, pid=56016
[2020-10-16 08:32:55,075] {base_task_runner.py:115} INFO - Job 21: Subtask get_pictures [2020-10-16 08:32:55,075] {__init__.py:51} INFO - Using executor LocalExecutor
[2020-10-16 08:32:55,353] {base_task_runner.py:115} INFO - Job 21: Subtask get_pictures [2020-10-16 08:32:55,353] {dagbag.py:90} INFO - Filling up the DagBag from /usr/local/airflow/dags/data_piplines_book/chapter2/download_rocket_launches.py
[2020-10-16 08:32:55,372] {base_task_runner.py:115} INFO - Job 21: Subtask get_pictures [2020-10-16 08:32:55,372] {cli.py:516} INFO - Running <TaskInstance: download_rocket_launches.get_pictures 2020-10-08T00:00:00+00:00 [running]> on host 5501f7880404
[2020-10-16 08:32:55,384] {python_operator.py:105} INFO - Exporting the following env vars:
AIRFLOW_CTX_DAG_ID=download_rocket_launches
AIRFLOW_CTX_TASK_ID=get_pictures
AIRFLOW_CTX_EXECUTION_DATE=2020-10-08T00:00:00+00:00
AIRFLOW_CTX_DAG_RUN_ID=scheduled__2020-10-08T00:00:00+00:00
[2020-10-16 08:32:56,466] {logging_mixin.py:95} INFO - Downloaded https://launchlibrary1.nyc3.digitaloceanspaces.com/RocketImages/Falcon9Block5.jpg_1920.jpg to /tmp/images/Falcon9Block5.jpg_1920.jpg
[2020-10-16 08:32:57,315] {logging_mixin.py:95} INFO - Downloaded https://launchlibrary1.nyc3.digitaloceanspaces.com/RocketImages/Electron.jpg_1440.jpg to /tmp/images/Electron.jpg_1440.jpg
[2020-10-16 08:32:58,789] {logging_mixin.py:95} INFO - Downloaded https://launchlibrary1.nyc3.digitaloceanspaces.com/RocketImages/Falcon9Block5.jpg_1920.jpg to /tmp/images/Falcon9Block5.jpg_1920.jpg
[2020-10-16 08:32:59,859] {logging_mixin.py:95} INFO - Downloaded https://launchlibrary1.nyc3.digitaloceanspaces.com/RocketImages/Delta+IV+Heavy_1920.jpg to /tmp/images/Delta+IV+Heavy_1920.jpg
[2020-10-16 08:33:00,755] {logging_mixin.py:95} INFO - Downloaded https://launchlibrary1.nyc3.digitaloceanspaces.com/RocketImages/placeholder_1920.png to /tmp/images/placeholder_1920.png
[2020-10-16 08:33:00,755] {python_operator.py:114} INFO - Done. Returned value was: None
[2020-10-16 08:33:04,579] {logging_mixin.py:95} INFO - [[34m2020-10-16 08:33:04,579[0m] {[34mlocal_task_job.py:[0m105} INFO[0m - Task exited with return code 0[0m
