[2020-10-16 11:44:46,168] {taskinstance.py:620} INFO - Dependencies all met for <TaskInstance: stocksense.fetch_pageviews 2020-09-21T03:00:00+00:00 [queued]>
[2020-10-16 11:44:46,175] {taskinstance.py:620} INFO - Dependencies all met for <TaskInstance: stocksense.fetch_pageviews 2020-09-21T03:00:00+00:00 [queued]>
[2020-10-16 11:44:46,175] {taskinstance.py:838} INFO - 
--------------------------------------------------------------------------------
[2020-10-16 11:44:46,175] {taskinstance.py:839} INFO - Starting attempt 1 of 1
[2020-10-16 11:44:46,175] {taskinstance.py:840} INFO - 
--------------------------------------------------------------------------------
[2020-10-16 11:44:46,183] {taskinstance.py:859} INFO - Executing <Task(PythonOperator): fetch_pageviews> on 2020-09-21T03:00:00+00:00
[2020-10-16 11:44:46,184] {base_task_runner.py:133} INFO - Running: ['airflow', 'run', 'stocksense', 'fetch_pageviews', '2020-09-21T03:00:00+00:00', '--job_id', '557', '--pool', 'default_pool', '--raw', '-sd', 'DAGS_FOLDER/data_piplines_book/chapter4/stocksense.py', '--cfg_path', '/tmp/tmpyu5c65aa']
[2020-10-16 11:44:46,527] {base_task_runner.py:115} INFO - Job 557: Subtask fetch_pageviews [2020-10-16 11:44:46,527] {settings.py:213} INFO - settings.configure_orm(): Using pool settings. pool_size=5, max_overflow=10, pool_recycle=1800, pid=179593
[2020-10-16 11:44:46,618] {base_task_runner.py:115} INFO - Job 557: Subtask fetch_pageviews [2020-10-16 11:44:46,618] {__init__.py:51} INFO - Using executor LocalExecutor
[2020-10-16 11:44:46,859] {base_task_runner.py:115} INFO - Job 557: Subtask fetch_pageviews [2020-10-16 11:44:46,858] {dagbag.py:90} INFO - Filling up the DagBag from /usr/local/airflow/dags/data_piplines_book/chapter4/stocksense.py
[2020-10-16 11:44:46,878] {base_task_runner.py:115} INFO - Job 557: Subtask fetch_pageviews [2020-10-16 11:44:46,878] {cli.py:516} INFO - Running <TaskInstance: stocksense.fetch_pageviews 2020-09-21T03:00:00+00:00 [running]> on host 5501f7880404
[2020-10-16 11:44:46,889] {python_operator.py:105} INFO - Exporting the following env vars:
AIRFLOW_CTX_DAG_ID=stocksense
AIRFLOW_CTX_TASK_ID=fetch_pageviews
AIRFLOW_CTX_EXECUTION_DATE=2020-09-21T03:00:00+00:00
AIRFLOW_CTX_DAG_RUN_ID=scheduled__2020-09-21T03:00:00+00:00
[2020-10-16 11:44:48,490] {python_operator.py:114} INFO - Done. Returned value was: None
[2020-10-16 11:44:51,197] {logging_mixin.py:95} INFO - [[34m2020-10-16 11:44:51,196[0m] {[34mlocal_task_job.py:[0m105} INFO[0m - Task exited with return code 0[0m
