[2020-10-16 11:19:06,696] {taskinstance.py:620} INFO - Dependencies all met for <TaskInstance: stocksense.get_data 2020-09-17T14:00:00+00:00 [queued]>
[2020-10-16 11:19:06,717] {taskinstance.py:620} INFO - Dependencies all met for <TaskInstance: stocksense.get_data 2020-09-17T14:00:00+00:00 [queued]>
[2020-10-16 11:19:06,717] {taskinstance.py:838} INFO - 
--------------------------------------------------------------------------------
[2020-10-16 11:19:06,717] {taskinstance.py:839} INFO - Starting attempt 1 of 1
[2020-10-16 11:19:06,717] {taskinstance.py:840} INFO - 
--------------------------------------------------------------------------------
[2020-10-16 11:19:06,726] {taskinstance.py:859} INFO - Executing <Task(PythonOperator): get_data> on 2020-09-17T14:00:00+00:00
[2020-10-16 11:19:06,726] {base_task_runner.py:133} INFO - Running: ['airflow', 'run', 'stocksense', 'get_data', '2020-09-17T14:00:00+00:00', '--job_id', '207', '--pool', 'default_pool', '--raw', '-sd', 'DAGS_FOLDER/data_piplines_book/chapter4/stocksense.py', '--cfg_path', '/tmp/tmp2mz21nme']
[2020-10-16 11:19:07,072] {base_task_runner.py:115} INFO - Job 207: Subtask get_data [2020-10-16 11:19:07,072] {settings.py:213} INFO - settings.configure_orm(): Using pool settings. pool_size=5, max_overflow=10, pool_recycle=1800, pid=158187
[2020-10-16 11:19:07,167] {base_task_runner.py:115} INFO - Job 207: Subtask get_data [2020-10-16 11:19:07,167] {__init__.py:51} INFO - Using executor LocalExecutor
[2020-10-16 11:19:07,413] {base_task_runner.py:115} INFO - Job 207: Subtask get_data [2020-10-16 11:19:07,413] {dagbag.py:90} INFO - Filling up the DagBag from /usr/local/airflow/dags/data_piplines_book/chapter4/stocksense.py
[2020-10-16 11:19:07,431] {base_task_runner.py:115} INFO - Job 207: Subtask get_data [2020-10-16 11:19:07,431] {cli.py:516} INFO - Running <TaskInstance: stocksense.get_data 2020-09-17T14:00:00+00:00 [running]> on host 5501f7880404
[2020-10-16 11:19:07,444] {python_operator.py:105} INFO - Exporting the following env vars:
AIRFLOW_CTX_DAG_ID=stocksense
AIRFLOW_CTX_TASK_ID=get_data
AIRFLOW_CTX_EXECUTION_DATE=2020-09-17T14:00:00+00:00
AIRFLOW_CTX_DAG_RUN_ID=scheduled__2020-09-17T14:00:00+00:00
[2020-10-16 11:19:21,637] {python_operator.py:114} INFO - Done. Returned value was: None
[2020-10-16 11:19:21,703] {logging_mixin.py:95} INFO - [[34m2020-10-16 11:19:21,703[0m] {[34mlocal_task_job.py:[0m172} WARNING[0m - State of this instance has been externally set to [1msuccess[0m. Taking the poison pill.[0m
[2020-10-16 11:19:21,705] {helpers.py:307} INFO - Sending Signals.SIGTERM to GPID 158187
[2020-10-16 11:19:21,712] {helpers.py:285} INFO - Process psutil.Process(pid=158187, status='terminated', exitcode=<Negsignal.SIGTERM: -15>, started='11:19:06') (158187) terminated with exit code Negsignal.SIGTERM
[2020-10-16 11:19:21,712] {logging_mixin.py:95} INFO - [[34m2020-10-16 11:19:21,712[0m] {[34mlocal_task_job.py:[0m105} INFO[0m - Task exited with return code 0[0m
