[2020-10-16 11:56:48,881] {taskinstance.py:620} INFO - Dependencies all met for <TaskInstance: stocksense.extract_gz 2020-09-22T18:00:00+00:00 [queued]>
[2020-10-16 11:56:48,892] {taskinstance.py:620} INFO - Dependencies all met for <TaskInstance: stocksense.extract_gz 2020-09-22T18:00:00+00:00 [queued]>
[2020-10-16 11:56:48,892] {taskinstance.py:838} INFO - 
--------------------------------------------------------------------------------
[2020-10-16 11:56:48,892] {taskinstance.py:839} INFO - Starting attempt 1 of 1
[2020-10-16 11:56:48,892] {taskinstance.py:840} INFO - 
--------------------------------------------------------------------------------
[2020-10-16 11:56:48,898] {taskinstance.py:859} INFO - Executing <Task(BashOperator): extract_gz> on 2020-09-22T18:00:00+00:00
[2020-10-16 11:56:48,899] {base_task_runner.py:133} INFO - Running: ['airflow', 'run', 'stocksense', 'extract_gz', '2020-09-22T18:00:00+00:00', '--job_id', '713', '--pool', 'default_pool', '--raw', '-sd', 'DAGS_FOLDER/data_piplines_book/chapter4/stocksense.py', '--cfg_path', '/tmp/tmpc04frug6']
[2020-10-16 11:56:49,248] {base_task_runner.py:115} INFO - Job 713: Subtask extract_gz [2020-10-16 11:56:49,248] {settings.py:213} INFO - settings.configure_orm(): Using pool settings. pool_size=5, max_overflow=10, pool_recycle=1800, pid=189507
[2020-10-16 11:56:49,338] {base_task_runner.py:115} INFO - Job 713: Subtask extract_gz [2020-10-16 11:56:49,338] {__init__.py:51} INFO - Using executor LocalExecutor
[2020-10-16 11:56:49,573] {base_task_runner.py:115} INFO - Job 713: Subtask extract_gz [2020-10-16 11:56:49,573] {dagbag.py:90} INFO - Filling up the DagBag from /usr/local/airflow/dags/data_piplines_book/chapter4/stocksense.py
[2020-10-16 11:56:49,591] {base_task_runner.py:115} INFO - Job 713: Subtask extract_gz [2020-10-16 11:56:49,591] {cli.py:516} INFO - Running <TaskInstance: stocksense.extract_gz 2020-09-22T18:00:00+00:00 [running]> on host 5501f7880404
[2020-10-16 11:56:49,603] {bash_operator.py:81} INFO - Tmp dir root location: 
 /tmp
[2020-10-16 11:56:49,603] {bash_operator.py:91} INFO - Exporting the following env vars:
AIRFLOW_CTX_DAG_ID=stocksense
AIRFLOW_CTX_TASK_ID=extract_gz
AIRFLOW_CTX_EXECUTION_DATE=2020-09-22T18:00:00+00:00
AIRFLOW_CTX_DAG_RUN_ID=scheduled__2020-09-22T18:00:00+00:00
[2020-10-16 11:56:49,604] {bash_operator.py:105} INFO - Temporary script location: /tmp/airflowtmpsf70pr4c/extract_gzlhnnzvgv
[2020-10-16 11:56:49,604] {bash_operator.py:115} INFO - Running command: gunzip --force /tmp/wikipageviews/20200922T180000/wikipageviews.gz
[2020-10-16 11:56:49,608] {bash_operator.py:124} INFO - Output:
[2020-10-16 11:56:49,609] {bash_operator.py:128} INFO - bash: warning: setlocale: LC_ALL: cannot change locale (en_US.UTF-8)
[2020-10-16 11:56:50,697] {bash_operator.py:132} INFO - Command exited with return code 0
[2020-10-16 11:56:53,878] {logging_mixin.py:95} INFO - [[34m2020-10-16 11:56:53,878[0m] {[34mlocal_task_job.py:[0m105} INFO[0m - Task exited with return code 0[0m
