[2020-10-16 11:15:32,408] {taskinstance.py:620} INFO - Dependencies all met for <TaskInstance: stocksense.fetch_pageviews 2020-09-17T00:00:00+00:00 [queued]>
[2020-10-16 11:15:32,415] {taskinstance.py:620} INFO - Dependencies all met for <TaskInstance: stocksense.fetch_pageviews 2020-09-17T00:00:00+00:00 [queued]>
[2020-10-16 11:15:32,415] {taskinstance.py:838} INFO - 
--------------------------------------------------------------------------------
[2020-10-16 11:15:32,415] {taskinstance.py:839} INFO - Starting attempt 1 of 1
[2020-10-16 11:15:32,415] {taskinstance.py:840} INFO - 
--------------------------------------------------------------------------------
[2020-10-16 11:15:32,424] {taskinstance.py:859} INFO - Executing <Task(PythonOperator): fetch_pageviews> on 2020-09-17T00:00:00+00:00
[2020-10-16 11:15:32,425] {base_task_runner.py:133} INFO - Running: ['airflow', 'run', 'stocksense', 'fetch_pageviews', '2020-09-17T00:00:00+00:00', '--job_id', '156', '--pool', 'default_pool', '--raw', '-sd', 'DAGS_FOLDER/data_piplines_book/chapter4/stocksense.py', '--cfg_path', '/tmp/tmphxzhj4xt']
[2020-10-16 11:15:32,823] {base_task_runner.py:115} INFO - Job 156: Subtask fetch_pageviews [2020-10-16 11:15:32,823] {settings.py:213} INFO - settings.configure_orm(): Using pool settings. pool_size=5, max_overflow=10, pool_recycle=1800, pid=155173
[2020-10-16 11:15:32,913] {base_task_runner.py:115} INFO - Job 156: Subtask fetch_pageviews [2020-10-16 11:15:32,913] {__init__.py:51} INFO - Using executor LocalExecutor
[2020-10-16 11:15:33,113] {base_task_runner.py:115} INFO - Job 156: Subtask fetch_pageviews [2020-10-16 11:15:33,113] {dagbag.py:90} INFO - Filling up the DagBag from /usr/local/airflow/dags/data_piplines_book/chapter4/stocksense.py
[2020-10-16 11:15:33,131] {base_task_runner.py:115} INFO - Job 156: Subtask fetch_pageviews [2020-10-16 11:15:33,131] {cli.py:516} INFO - Running <TaskInstance: stocksense.fetch_pageviews 2020-09-17T00:00:00+00:00 [running]> on host 5501f7880404
[2020-10-16 11:15:33,142] {python_operator.py:105} INFO - Exporting the following env vars:
AIRFLOW_CTX_DAG_ID=stocksense
AIRFLOW_CTX_TASK_ID=fetch_pageviews
AIRFLOW_CTX_EXECUTION_DATE=2020-09-17T00:00:00+00:00
AIRFLOW_CTX_DAG_RUN_ID=scheduled__2020-09-17T00:00:00+00:00
[2020-10-16 11:15:34,738] {python_operator.py:114} INFO - Done. Returned value was: None
[2020-10-16 11:15:37,403] {logging_mixin.py:95} INFO - [[34m2020-10-16 11:15:37,403[0m] {[34mlocal_task_job.py:[0m105} INFO[0m - Task exited with return code 0[0m
