[2020-10-16 12:04:39,396] {taskinstance.py:620} INFO - Dependencies all met for <TaskInstance: stocksense.extract_gz 2020-09-23T21:00:00+00:00 [queued]>
[2020-10-16 12:04:39,406] {taskinstance.py:620} INFO - Dependencies all met for <TaskInstance: stocksense.extract_gz 2020-09-23T21:00:00+00:00 [queued]>
[2020-10-16 12:04:39,406] {taskinstance.py:838} INFO - 
--------------------------------------------------------------------------------
[2020-10-16 12:04:39,406] {taskinstance.py:839} INFO - Starting attempt 1 of 1
[2020-10-16 12:04:39,406] {taskinstance.py:840} INFO - 
--------------------------------------------------------------------------------
[2020-10-16 12:04:39,412] {taskinstance.py:859} INFO - Executing <Task(BashOperator): extract_gz> on 2020-09-23T21:00:00+00:00
[2020-10-16 12:04:39,412] {base_task_runner.py:133} INFO - Running: ['airflow', 'run', 'stocksense', 'extract_gz', '2020-09-23T21:00:00+00:00', '--job_id', '816', '--pool', 'default_pool', '--raw', '-sd', 'DAGS_FOLDER/data_piplines_book/chapter4/stocksense.py', '--cfg_path', '/tmp/tmpf6_vvchw']
[2020-10-16 12:04:39,764] {base_task_runner.py:115} INFO - Job 816: Subtask extract_gz [2020-10-16 12:04:39,763] {settings.py:213} INFO - settings.configure_orm(): Using pool settings. pool_size=5, max_overflow=10, pool_recycle=1800, pid=195967
[2020-10-16 12:04:39,855] {base_task_runner.py:115} INFO - Job 816: Subtask extract_gz [2020-10-16 12:04:39,854] {__init__.py:51} INFO - Using executor LocalExecutor
[2020-10-16 12:04:40,096] {base_task_runner.py:115} INFO - Job 816: Subtask extract_gz [2020-10-16 12:04:40,096] {dagbag.py:90} INFO - Filling up the DagBag from /usr/local/airflow/dags/data_piplines_book/chapter4/stocksense.py
[2020-10-16 12:04:40,115] {base_task_runner.py:115} INFO - Job 816: Subtask extract_gz [2020-10-16 12:04:40,115] {cli.py:516} INFO - Running <TaskInstance: stocksense.extract_gz 2020-09-23T21:00:00+00:00 [running]> on host 5501f7880404
[2020-10-16 12:04:40,127] {bash_operator.py:81} INFO - Tmp dir root location: 
 /tmp
[2020-10-16 12:04:40,127] {bash_operator.py:91} INFO - Exporting the following env vars:
AIRFLOW_CTX_DAG_ID=stocksense
AIRFLOW_CTX_TASK_ID=extract_gz
AIRFLOW_CTX_EXECUTION_DATE=2020-09-23T21:00:00+00:00
AIRFLOW_CTX_DAG_RUN_ID=scheduled__2020-09-23T21:00:00+00:00
[2020-10-16 12:04:40,127] {bash_operator.py:105} INFO - Temporary script location: /tmp/airflowtmple_ez102/extract_gz6fkacw2x
[2020-10-16 12:04:40,127] {bash_operator.py:115} INFO - Running command: gunzip --force /tmp/wikipageviews/20200923T210000/wikipageviews.gz
[2020-10-16 12:04:40,130] {bash_operator.py:124} INFO - Output:
[2020-10-16 12:04:40,131] {bash_operator.py:128} INFO - bash: warning: setlocale: LC_ALL: cannot change locale (en_US.UTF-8)
[2020-10-16 12:04:41,158] {bash_operator.py:132} INFO - Command exited with return code 0
[2020-10-16 12:04:44,388] {logging_mixin.py:95} INFO - [[34m2020-10-16 12:04:44,388[0m] {[34mlocal_task_job.py:[0m105} INFO[0m - Task exited with return code 0[0m
