[2020-10-16 12:05:27,397] {taskinstance.py:620} INFO - Dependencies all met for <TaskInstance: stocksense.extract_gz 2020-09-24T00:00:00+00:00 [queued]>
[2020-10-16 12:05:27,408] {taskinstance.py:620} INFO - Dependencies all met for <TaskInstance: stocksense.extract_gz 2020-09-24T00:00:00+00:00 [queued]>
[2020-10-16 12:05:27,408] {taskinstance.py:838} INFO - 
--------------------------------------------------------------------------------
[2020-10-16 12:05:27,408] {taskinstance.py:839} INFO - Starting attempt 1 of 1
[2020-10-16 12:05:27,408] {taskinstance.py:840} INFO - 
--------------------------------------------------------------------------------
[2020-10-16 12:05:27,413] {taskinstance.py:859} INFO - Executing <Task(BashOperator): extract_gz> on 2020-09-24T00:00:00+00:00
[2020-10-16 12:05:27,413] {base_task_runner.py:133} INFO - Running: ['airflow', 'run', 'stocksense', 'extract_gz', '2020-09-24T00:00:00+00:00', '--job_id', '827', '--pool', 'default_pool', '--raw', '-sd', 'DAGS_FOLDER/data_piplines_book/chapter4/stocksense.py', '--cfg_path', '/tmp/tmp4ej1rwtl']
[2020-10-16 12:05:27,766] {base_task_runner.py:115} INFO - Job 827: Subtask extract_gz [2020-10-16 12:05:27,766] {settings.py:213} INFO - settings.configure_orm(): Using pool settings. pool_size=5, max_overflow=10, pool_recycle=1800, pid=196645
[2020-10-16 12:05:27,858] {base_task_runner.py:115} INFO - Job 827: Subtask extract_gz [2020-10-16 12:05:27,858] {__init__.py:51} INFO - Using executor LocalExecutor
[2020-10-16 12:05:28,095] {base_task_runner.py:115} INFO - Job 827: Subtask extract_gz [2020-10-16 12:05:28,095] {dagbag.py:90} INFO - Filling up the DagBag from /usr/local/airflow/dags/data_piplines_book/chapter4/stocksense.py
[2020-10-16 12:05:28,113] {base_task_runner.py:115} INFO - Job 827: Subtask extract_gz [2020-10-16 12:05:28,113] {cli.py:516} INFO - Running <TaskInstance: stocksense.extract_gz 2020-09-24T00:00:00+00:00 [running]> on host 5501f7880404
[2020-10-16 12:05:28,125] {bash_operator.py:81} INFO - Tmp dir root location: 
 /tmp
[2020-10-16 12:05:28,125] {bash_operator.py:91} INFO - Exporting the following env vars:
AIRFLOW_CTX_DAG_ID=stocksense
AIRFLOW_CTX_TASK_ID=extract_gz
AIRFLOW_CTX_EXECUTION_DATE=2020-09-24T00:00:00+00:00
AIRFLOW_CTX_DAG_RUN_ID=scheduled__2020-09-24T00:00:00+00:00
[2020-10-16 12:05:28,125] {bash_operator.py:105} INFO - Temporary script location: /tmp/airflowtmpdqpl_45j/extract_gzhy9qrxj0
[2020-10-16 12:05:28,126] {bash_operator.py:115} INFO - Running command: gunzip --force /tmp/wikipageviews/20200924T000000/wikipageviews.gz
[2020-10-16 12:05:28,129] {bash_operator.py:124} INFO - Output:
[2020-10-16 12:05:28,129] {bash_operator.py:128} INFO - bash: warning: setlocale: LC_ALL: cannot change locale (en_US.UTF-8)
[2020-10-16 12:05:28,845] {bash_operator.py:132} INFO - Command exited with return code 0
[2020-10-16 12:05:32,391] {logging_mixin.py:95} INFO - [[34m2020-10-16 12:05:32,391[0m] {[34mlocal_task_job.py:[0m105} INFO[0m - Task exited with return code 0[0m
