[2020-10-16 11:24:45,071] {taskinstance.py:620} INFO - Dependencies all met for <TaskInstance: stocksense.extract_gz 2020-09-18T06:00:00+00:00 [queued]>
[2020-10-16 11:24:45,082] {taskinstance.py:620} INFO - Dependencies all met for <TaskInstance: stocksense.extract_gz 2020-09-18T06:00:00+00:00 [queued]>
[2020-10-16 11:24:45,082] {taskinstance.py:838} INFO - 
--------------------------------------------------------------------------------
[2020-10-16 11:24:45,082] {taskinstance.py:839} INFO - Starting attempt 1 of 1
[2020-10-16 11:24:45,082] {taskinstance.py:840} INFO - 
--------------------------------------------------------------------------------
[2020-10-16 11:24:45,089] {taskinstance.py:859} INFO - Executing <Task(BashOperator): extract_gz> on 2020-09-18T06:00:00+00:00
[2020-10-16 11:24:45,089] {base_task_runner.py:133} INFO - Running: ['airflow', 'run', 'stocksense', 'extract_gz', '2020-09-18T06:00:00+00:00', '--job_id', '275', '--pool', 'default_pool', '--raw', '-sd', 'DAGS_FOLDER/data_piplines_book/chapter4/stocksense.py', '--cfg_path', '/tmp/tmp2pkc3zag']
[2020-10-16 11:24:45,442] {base_task_runner.py:115} INFO - Job 275: Subtask extract_gz [2020-10-16 11:24:45,442] {settings.py:213} INFO - settings.configure_orm(): Using pool settings. pool_size=5, max_overflow=10, pool_recycle=1800, pid=162728
[2020-10-16 11:24:45,533] {base_task_runner.py:115} INFO - Job 275: Subtask extract_gz [2020-10-16 11:24:45,533] {__init__.py:51} INFO - Using executor LocalExecutor
[2020-10-16 11:24:45,814] {base_task_runner.py:115} INFO - Job 275: Subtask extract_gz [2020-10-16 11:24:45,813] {dagbag.py:90} INFO - Filling up the DagBag from /usr/local/airflow/dags/data_piplines_book/chapter4/stocksense.py
[2020-10-16 11:24:45,832] {base_task_runner.py:115} INFO - Job 275: Subtask extract_gz [2020-10-16 11:24:45,832] {cli.py:516} INFO - Running <TaskInstance: stocksense.extract_gz 2020-09-18T06:00:00+00:00 [running]> on host 5501f7880404
[2020-10-16 11:24:45,845] {bash_operator.py:81} INFO - Tmp dir root location: 
 /tmp
[2020-10-16 11:24:45,845] {bash_operator.py:91} INFO - Exporting the following env vars:
AIRFLOW_CTX_DAG_ID=stocksense
AIRFLOW_CTX_TASK_ID=extract_gz
AIRFLOW_CTX_EXECUTION_DATE=2020-09-18T06:00:00+00:00
AIRFLOW_CTX_DAG_RUN_ID=scheduled__2020-09-18T06:00:00+00:00
[2020-10-16 11:24:45,846] {bash_operator.py:105} INFO - Temporary script location: /tmp/airflowtmpuif8i6po/extract_gzxkd8r2w5
[2020-10-16 11:24:45,846] {bash_operator.py:115} INFO - Running command: gunzip --force /tmp/wikipageviews/20200918T060000/wikipageviews.gz
[2020-10-16 11:24:45,850] {bash_operator.py:124} INFO - Output:
[2020-10-16 11:24:45,850] {bash_operator.py:128} INFO - bash: warning: setlocale: LC_ALL: cannot change locale (en_US.UTF-8)
[2020-10-16 11:24:46,671] {bash_operator.py:132} INFO - Command exited with return code 0
[2020-10-16 11:24:50,064] {logging_mixin.py:95} INFO - [[34m2020-10-16 11:24:50,064[0m] {[34mlocal_task_job.py:[0m105} INFO[0m - Task exited with return code 0[0m
