[2020-10-16 11:32:23,507] {taskinstance.py:620} INFO - Dependencies all met for <TaskInstance: stocksense.extract_gz 2020-09-19T09:00:00+00:00 [queued]>
[2020-10-16 11:32:23,585] {taskinstance.py:620} INFO - Dependencies all met for <TaskInstance: stocksense.extract_gz 2020-09-19T09:00:00+00:00 [queued]>
[2020-10-16 11:32:23,586] {taskinstance.py:838} INFO - 
--------------------------------------------------------------------------------
[2020-10-16 11:32:23,586] {taskinstance.py:839} INFO - Starting attempt 1 of 1
[2020-10-16 11:32:23,586] {taskinstance.py:840} INFO - 
--------------------------------------------------------------------------------
[2020-10-16 11:32:23,603] {taskinstance.py:859} INFO - Executing <Task(BashOperator): extract_gz> on 2020-09-19T09:00:00+00:00
[2020-10-16 11:32:23,603] {base_task_runner.py:133} INFO - Running: ['airflow', 'run', 'stocksense', 'extract_gz', '2020-09-19T09:00:00+00:00', '--job_id', '381', '--pool', 'default_pool', '--raw', '-sd', 'DAGS_FOLDER/data_piplines_book/chapter4/stocksense.py', '--cfg_path', '/tmp/tmp6oj9vl5l']
[2020-10-16 11:32:23,963] {base_task_runner.py:115} INFO - Job 381: Subtask extract_gz [2020-10-16 11:32:23,963] {settings.py:213} INFO - settings.configure_orm(): Using pool settings. pool_size=5, max_overflow=10, pool_recycle=1800, pid=169166
[2020-10-16 11:32:24,056] {base_task_runner.py:115} INFO - Job 381: Subtask extract_gz [2020-10-16 11:32:24,056] {__init__.py:51} INFO - Using executor LocalExecutor
[2020-10-16 11:32:24,302] {base_task_runner.py:115} INFO - Job 381: Subtask extract_gz [2020-10-16 11:32:24,302] {dagbag.py:90} INFO - Filling up the DagBag from /usr/local/airflow/dags/data_piplines_book/chapter4/stocksense.py
[2020-10-16 11:32:24,320] {base_task_runner.py:115} INFO - Job 381: Subtask extract_gz [2020-10-16 11:32:24,320] {cli.py:516} INFO - Running <TaskInstance: stocksense.extract_gz 2020-09-19T09:00:00+00:00 [running]> on host 5501f7880404
[2020-10-16 11:32:24,333] {bash_operator.py:81} INFO - Tmp dir root location: 
 /tmp
[2020-10-16 11:32:24,333] {bash_operator.py:91} INFO - Exporting the following env vars:
AIRFLOW_CTX_DAG_ID=stocksense
AIRFLOW_CTX_TASK_ID=extract_gz
AIRFLOW_CTX_EXECUTION_DATE=2020-09-19T09:00:00+00:00
AIRFLOW_CTX_DAG_RUN_ID=scheduled__2020-09-19T09:00:00+00:00
[2020-10-16 11:32:24,333] {bash_operator.py:105} INFO - Temporary script location: /tmp/airflowtmpnxk3q62a/extract_gzkyahq5r1
[2020-10-16 11:32:24,333] {bash_operator.py:115} INFO - Running command: gunzip --force /tmp/wikipageviews/20200919T090000/wikipageviews.gz
[2020-10-16 11:32:24,336] {bash_operator.py:124} INFO - Output:
[2020-10-16 11:32:24,337] {bash_operator.py:128} INFO - bash: warning: setlocale: LC_ALL: cannot change locale (en_US.UTF-8)
[2020-10-16 11:32:25,214] {bash_operator.py:132} INFO - Command exited with return code 0
[2020-10-16 11:32:28,494] {logging_mixin.py:95} INFO - [[34m2020-10-16 11:32:28,493[0m] {[34mlocal_task_job.py:[0m105} INFO[0m - Task exited with return code 0[0m
